{"/home/mimocode/workspace/soundmaster/src/main.ts": {"path":"/home/mimocode/workspace/soundmaster/src/main.ts","statementMap":{"0":{"start":{"line":6,"column":0},"end":{"line":9,"column":null}},"1":{"start":{"line":7,"column":2},"end":{"line":7,"column":null}},"2":{"start":{"line":8,"column":2},"end":{"line":8,"column":null}}},"fnMap":{"0":{"name":"(anonymous_0)","decl":{"start":{"line":6,"column":46},"end":{"line":6,"column":52}},"loc":{"start":{"line":6,"column":52},"end":{"line":9,"column":1}},"line":6}},"branchMap":{},"s":{"0":0,"1":0,"2":0},"f":{"0":0},"b":{},"meta":{"lastBranch":0,"lastFunction":1,"lastStatement":3,"seen":{"s:6:0:9:Infinity":0,"f:6:46:6:52":0,"s:7:2:7:Infinity":1,"s:8:2:8:Infinity":2},"fnNames":{}}}
,"/home/mimocode/workspace/soundmaster/src/state.ts": {"path":"/home/mimocode/workspace/soundmaster/src/state.ts","statementMap":{"0":{"start":{"line":25,"column":35},"end":{"line":25,"column":null}},"1":{"start":{"line":27,"column":31},"end":{"line":36,"column":null}},"2":{"start":{"line":39,"column":2},"end":{"line":39,"column":null}},"3":{"start":{"line":40,"column":2},"end":{"line":43,"column":null}},"4":{"start":{"line":41,"column":16},"end":{"line":41,"column":null}},"5":{"start":{"line":42,"column":4},"end":{"line":42,"column":null}},"6":{"start":{"line":42,"column":18},"end":{"line":42,"column":null}},"7":{"start":{"line":47,"column":2},"end":{"line":49,"column":null}},"8":{"start":{"line":48,"column":4},"end":{"line":48,"column":null}},"9":{"start":{"line":53,"column":2},"end":{"line":53,"column":null}},"10":{"start":{"line":54,"column":2},"end":{"line":56,"column":null}},"11":{"start":{"line":55,"column":4},"end":{"line":55,"column":null}},"12":{"start":{"line":57,"column":2},"end":{"line":57,"column":null}},"13":{"start":{"line":61,"column":2},"end":{"line":61,"column":null}},"14":{"start":{"line":61,"column":42},"end":{"line":61,"column":53}},"15":{"start":{"line":62,"column":2},"end":{"line":64,"column":null}},"16":{"start":{"line":63,"column":4},"end":{"line":63,"column":null}},"17":{"start":{"line":65,"column":2},"end":{"line":65,"column":null}},"18":{"start":{"line":69,"column":2},"end":{"line":69,"column":null}},"19":{"start":{"line":70,"column":2},"end":{"line":70,"column":null}},"20":{"start":{"line":71,"column":2},"end":{"line":71,"column":null}},"21":{"start":{"line":72,"column":2},"end":{"line":72,"column":null}},"22":{"start":{"line":73,"column":2},"end":{"line":73,"column":null}},"23":{"start":{"line":77,"column":2},"end":{"line":77,"column":null}},"24":{"start":{"line":78,"column":2},"end":{"line":78,"column":null}},"25":{"start":{"line":82,"column":2},"end":{"line":82,"column":null}},"26":{"start":{"line":83,"column":2},"end":{"line":83,"column":null}},"27":{"start":{"line":87,"column":2},"end":{"line":87,"column":null}},"28":{"start":{"line":88,"column":2},"end":{"line":88,"column":null}},"29":{"start":{"line":92,"column":2},"end":{"line":92,"column":null}},"30":{"start":{"line":93,"column":2},"end":{"line":93,"column":null}},"31":{"start":{"line":97,"column":2},"end":{"line":97,"column":null}},"32":{"start":{"line":101,"column":2},"end":{"line":101,"column":null}},"33":{"start":{"line":102,"column":2},"end":{"line":102,"column":null}},"34":{"start":{"line":106,"column":2},"end":{"line":106,"column":null}},"35":{"start":{"line":106,"column":32},"end":{"line":106,"column":60}}},"fnMap":{"0":{"name":"subscribe","decl":{"start":{"line":38,"column":16},"end":{"line":38,"column":26}},"loc":{"start":{"line":38,"column":51},"end":{"line":44,"column":null}},"line":38},"1":{"name":"(anonymous_1)","decl":{"start":{"line":40,"column":9},"end":{"line":40,"column":15}},"loc":{"start":{"line":40,"column":15},"end":{"line":43,"column":null}},"line":40},"2":{"name":"notify","decl":{"start":{"line":46,"column":16},"end":{"line":46,"column":25}},"loc":{"start":{"line":46,"column":25},"end":{"line":50,"column":null}},"line":46},"3":{"name":"addTrack","decl":{"start":{"line":52,"column":16},"end":{"line":52,"column":25}},"loc":{"start":{"line":52,"column":39},"end":{"line":58,"column":null}},"line":52},"4":{"name":"removeTrack","decl":{"start":{"line":60,"column":16},"end":{"line":60,"column":28}},"loc":{"start":{"line":60,"column":40},"end":{"line":66,"column":null}},"line":60},"5":{"name":"(anonymous_5)","decl":{"start":{"line":61,"column":37},"end":{"line":61,"column":42}},"loc":{"start":{"line":61,"column":42},"end":{"line":61,"column":53}},"line":61},"6":{"name":"setActiveTrack","decl":{"start":{"line":68,"column":16},"end":{"line":68,"column":31}},"loc":{"start":{"line":68,"column":43},"end":{"line":74,"column":null}},"line":68},"7":{"name":"setStyle","decl":{"start":{"line":76,"column":16},"end":{"line":76,"column":25}},"loc":{"start":{"line":76,"column":51},"end":{"line":79,"column":null}},"line":76},"8":{"name":"setLoudness","decl":{"start":{"line":81,"column":16},"end":{"line":81,"column":28}},"loc":{"start":{"line":81,"column":60},"end":{"line":84,"column":null}},"line":81},"9":{"name":"setPlaying","decl":{"start":{"line":86,"column":16},"end":{"line":86,"column":27}},"loc":{"start":{"line":86,"column":45},"end":{"line":89,"column":null}},"line":86},"10":{"name":"setMastered","decl":{"start":{"line":91,"column":16},"end":{"line":91,"column":28}},"loc":{"start":{"line":91,"column":47},"end":{"line":94,"column":null}},"line":91},"11":{"name":"setCurrentTime","decl":{"start":{"line":96,"column":16},"end":{"line":96,"column":31}},"loc":{"start":{"line":96,"column":45},"end":{"line":98,"column":null}},"line":96},"12":{"name":"setTheme","decl":{"start":{"line":100,"column":16},"end":{"line":100,"column":25}},"loc":{"start":{"line":100,"column":50},"end":{"line":103,"column":null}},"line":100},"13":{"name":"getActiveTrack","decl":{"start":{"line":105,"column":16},"end":{"line":105,"column":52}},"loc":{"start":{"line":105,"column":52},"end":{"line":107,"column":null}},"line":105},"14":{"name":"(anonymous_14)","decl":{"start":{"line":106,"column":27},"end":{"line":106,"column":32}},"loc":{"start":{"line":106,"column":32},"end":{"line":106,"column":60}},"line":106}},"branchMap":{"0":{"loc":{"start":{"line":42,"column":4},"end":{"line":42,"column":null}},"type":"if","locations":[{"start":{"line":42,"column":4},"end":{"line":42,"column":null}},{"start":{},"end":{}}],"line":42},"1":{"loc":{"start":{"line":54,"column":2},"end":{"line":56,"column":null}},"type":"if","locations":[{"start":{"line":54,"column":2},"end":{"line":56,"column":null}},{"start":{},"end":{}}],"line":54},"2":{"loc":{"start":{"line":62,"column":2},"end":{"line":64,"column":null}},"type":"if","locations":[{"start":{"line":62,"column":2},"end":{"line":64,"column":null}},{"start":{},"end":{}}],"line":62},"3":{"loc":{"start":{"line":63,"column":26},"end":{"line":63,"column":null}},"type":"binary-expr","locations":[{"start":{"line":63,"column":26},"end":{"line":63,"column":49}},{"start":{"line":63,"column":49},"end":{"line":63,"column":null}}],"line":63}},"s":{"0":2,"1":2,"2":2,"3":2,"4":1,"5":1,"6":1,"7":50,"8":4,"9":14,"10":14,"11":10,"12":14,"13":2,"14":4,"15":2,"16":2,"17":2,"18":1,"19":1,"20":1,"21":1,"22":1,"23":6,"24":6,"25":6,"26":6,"27":2,"28":2,"29":14,"30":14,"31":0,"32":2,"33":2,"34":2,"35":1},"f":{"0":2,"1":1,"2":50,"3":14,"4":2,"5":4,"6":1,"7":6,"8":6,"9":2,"10":14,"11":0,"12":2,"13":2,"14":1},"b":{"0":[1,0],"1":[10,4],"2":[2,0],"3":[2,0]},"meta":{"lastBranch":4,"lastFunction":15,"lastStatement":36,"seen":{"s:25:35:25:Infinity":0,"s:27:31:36:Infinity":1,"f:38:16:38:26":0,"s:39:2:39:Infinity":2,"s:40:2:43:Infinity":3,"f:40:9:40:15":1,"s:41:16:41:Infinity":4,"b:42:4:42:Infinity:undefined:undefined:undefined:undefined":0,"s:42:4:42:Infinity":5,"s:42:18:42:Infinity":6,"f:46:16:46:25":2,"s:47:2:49:Infinity":7,"s:48:4:48:Infinity":8,"f:52:16:52:25":3,"s:53:2:53:Infinity":9,"b:54:2:56:Infinity:undefined:undefined:undefined:undefined":1,"s:54:2:56:Infinity":10,"s:55:4:55:Infinity":11,"s:57:2:57:Infinity":12,"f:60:16:60:28":4,"s:61:2:61:Infinity":13,"f:61:37:61:42":5,"s:61:42:61:53":14,"b:62:2:64:Infinity:undefined:undefined:undefined:undefined":2,"s:62:2:64:Infinity":15,"s:63:4:63:Infinity":16,"b:63:26:63:49:63:49:63:Infinity":3,"s:65:2:65:Infinity":17,"f:68:16:68:31":6,"s:69:2:69:Infinity":18,"s:70:2:70:Infinity":19,"s:71:2:71:Infinity":20,"s:72:2:72:Infinity":21,"s:73:2:73:Infinity":22,"f:76:16:76:25":7,"s:77:2:77:Infinity":23,"s:78:2:78:Infinity":24,"f:81:16:81:28":8,"s:82:2:82:Infinity":25,"s:83:2:83:Infinity":26,"f:86:16:86:27":9,"s:87:2:87:Infinity":27,"s:88:2:88:Infinity":28,"f:91:16:91:28":10,"s:92:2:92:Infinity":29,"s:93:2:93:Infinity":30,"f:96:16:96:31":11,"s:97:2:97:Infinity":31,"f:100:16:100:25":12,"s:101:2:101:Infinity":32,"s:102:2:102:Infinity":33,"f:105:16:105:52":13,"s:106:2:106:Infinity":34,"f:106:27:106:32":14,"s:106:32:106:60":35},"fnNames":{}}}
,"/home/mimocode/workspace/soundmaster/src/audio/ab-switch.ts": {"path":"/home/mimocode/workspace/soundmaster/src/audio/ab-switch.ts","statementMap":{"0":{"start":{"line":5,"column":2},"end":{"line":5,"column":null}},"1":{"start":{"line":6,"column":2},"end":{"line":6,"column":null}},"2":{"start":{"line":10,"column":2},"end":{"line":10,"column":null}},"3":{"start":{"line":11,"column":2},"end":{"line":11,"column":null}}},"fnMap":{"0":{"name":"switchToOriginal","decl":{"start":{"line":4,"column":16},"end":{"line":4,"column":35}},"loc":{"start":{"line":4,"column":35},"end":{"line":7,"column":null}},"line":4},"1":{"name":"switchToMastered","decl":{"start":{"line":9,"column":16},"end":{"line":9,"column":35}},"loc":{"start":{"line":9,"column":35},"end":{"line":12,"column":null}},"line":9}},"branchMap":{},"s":{"0":0,"1":0,"2":0,"3":0},"f":{"0":0,"1":0},"b":{},"meta":{"lastBranch":0,"lastFunction":2,"lastStatement":4,"seen":{"f:4:16:4:35":0,"s:5:2:5:Infinity":0,"s:6:2:6:Infinity":1,"f:9:16:9:35":1,"s:10:2:10:Infinity":2,"s:11:2:11:Infinity":3},"fnNames":{}}}
,"/home/mimocode/workspace/soundmaster/src/audio/decoder.ts": {"path":"/home/mimocode/workspace/soundmaster/src/audio/decoder.ts","statementMap":{"0":{"start":{"line":3,"column":40},"end":{"line":3,"column":null}},"1":{"start":{"line":6,"column":2},"end":{"line":8,"column":null}},"2":{"start":{"line":7,"column":4},"end":{"line":7,"column":null}},"3":{"start":{"line":9,"column":2},"end":{"line":9,"column":null}},"4":{"start":{"line":13,"column":2},"end":{"line":47,"column":null}},"5":{"start":{"line":14,"column":20},"end":{"line":14,"column":null}},"6":{"start":{"line":15,"column":19},"end":{"line":15,"column":null}},"7":{"start":{"line":17,"column":25},"end":{"line":26,"column":null}},"8":{"start":{"line":28,"column":4},"end":{"line":28,"column":null}},"9":{"start":{"line":30,"column":4},"end":{"line":46,"column":null}},"10":{"start":{"line":33,"column":6},"end":{"line":37,"column":null}},"11":{"start":{"line":34,"column":8},"end":{"line":34,"column":null}},"12":{"start":{"line":36,"column":8},"end":{"line":36,"column":null}},"13":{"start":{"line":39,"column":6},"end":{"line":39,"column":null}},"14":{"start":{"line":40,"column":6},"end":{"line":40,"column":null}},"15":{"start":{"line":41,"column":6},"end":{"line":41,"column":null}},"16":{"start":{"line":43,"column":6},"end":{"line":43,"column":null}},"17":{"start":{"line":44,"column":6},"end":{"line":44,"column":null}},"18":{"start":{"line":45,"column":6},"end":{"line":45,"column":null}},"19":{"start":{"line":51,"column":14},"end":{"line":51,"column":null}},"20":{"start":{"line":52,"column":22},"end":{"line":52,"column":null}},"21":{"start":{"line":54,"column":2},"end":{"line":62,"column":null}},"22":{"start":{"line":55,"column":4},"end":{"line":55,"column":null}},"23":{"start":{"line":58,"column":4},"end":{"line":60,"column":null}},"24":{"start":{"line":59,"column":6},"end":{"line":59,"column":null}},"25":{"start":{"line":61,"column":4},"end":{"line":61,"column":null}},"26":{"start":{"line":66,"column":14},"end":{"line":66,"column":null}},"27":{"start":{"line":68,"column":18},"end":{"line":68,"column":null}},"28":{"start":{"line":69,"column":19},"end":{"line":69,"column":null}},"29":{"start":{"line":70,"column":20},"end":{"line":70,"column":null}},"30":{"start":{"line":71,"column":2},"end":{"line":71,"column":null}},"31":{"start":{"line":76,"column":21},"end":{"line":76,"column":null}},"32":{"start":{"line":77,"column":24},"end":{"line":77,"column":null}},"33":{"start":{"line":79,"column":17},"end":{"line":79,"column":null}},"34":{"start":{"line":81,"column":18},"end":{"line":81,"column":null}},"35":{"start":{"line":82,"column":2},"end":{"line":85,"column":null}},"36":{"start":{"line":87,"column":20},"end":{"line":87,"column":null}},"37":{"start":{"line":88,"column":2},"end":{"line":88,"column":null}},"38":{"start":{"line":89,"column":2},"end":{"line":89,"column":null}},"39":{"start":{"line":91,"column":15},"end":{"line":91,"column":null}},"40":{"start":{"line":92,"column":14},"end":{"line":92,"column":null}},"41":{"start":{"line":93,"column":2},"end":{"line":93,"column":null}}},"fnMap":{"0":{"name":"getAudioContext","decl":{"start":{"line":5,"column":16},"end":{"line":5,"column":48}},"loc":{"start":{"line":5,"column":48},"end":{"line":10,"column":null}},"line":5},"1":{"name":"handleFileDrop","decl":{"start":{"line":12,"column":22},"end":{"line":12,"column":37}},"loc":{"start":{"line":12,"column":54},"end":{"line":48,"column":null}},"line":12},"2":{"name":"decodeAudioFile","decl":{"start":{"line":50,"column":15},"end":{"line":50,"column":31}},"loc":{"start":{"line":50,"column":65},"end":{"line":63,"column":null}},"line":50},"3":{"name":"decodeFlacFallback","decl":{"start":{"line":65,"column":15},"end":{"line":65,"column":34}},"loc":{"start":{"line":65,"column":82},"end":{"line":72,"column":null}},"line":65},"4":{"name":"extractAudioFromVideo","decl":{"start":{"line":74,"column":15},"end":{"line":74,"column":37}},"loc":{"start":{"line":74,"column":71},"end":{"line":94,"column":null}},"line":74}},"branchMap":{"0":{"loc":{"start":{"line":6,"column":2},"end":{"line":8,"column":null}},"type":"if","locations":[{"start":{"line":6,"column":2},"end":{"line":8,"column":null}},{"start":{},"end":{}}],"line":6},"1":{"loc":{"start":{"line":15,"column":19},"end":{"line":15,"column":null}},"type":"binary-expr","locations":[{"start":{"line":15,"column":19},"end":{"line":15,"column":64}},{"start":{"line":15,"column":64},"end":{"line":15,"column":null}}],"line":15},"2":{"loc":{"start":{"line":33,"column":6},"end":{"line":37,"column":null}},"type":"if","locations":[{"start":{"line":33,"column":6},"end":{"line":37,"column":null}},{"start":{"line":35,"column":13},"end":{"line":37,"column":null}}],"line":33},"3":{"loc":{"start":{"line":58,"column":4},"end":{"line":60,"column":null}},"type":"if","locations":[{"start":{"line":58,"column":4},"end":{"line":60,"column":null}},{"start":{},"end":{}}],"line":58}},"s":{"0":0,"1":0,"2":0,"3":0,"4":0,"5":0,"6":0,"7":0,"8":0,"9":0,"10":0,"11":0,"12":0,"13":0,"14":0,"15":0,"16":0,"17":0,"18":0,"19":0,"20":0,"21":0,"22":0,"23":0,"24":0,"25":0,"26":0,"27":0,"28":0,"29":0,"30":0,"31":0,"32":0,"33":0,"34":0,"35":0,"36":0,"37":0,"38":0,"39":0,"40":0,"41":0},"f":{"0":0,"1":0,"2":0,"3":0,"4":0},"b":{"0":[0,0],"1":[0,0],"2":[0,0],"3":[0,0]},"meta":{"lastBranch":4,"lastFunction":5,"lastStatement":42,"seen":{"s:3:40:3:Infinity":0,"f:5:16:5:48":0,"b:6:2:8:Infinity:undefined:undefined:undefined:undefined":0,"s:6:2:8:Infinity":1,"s:7:4:7:Infinity":2,"s:9:2:9:Infinity":3,"f:12:22:12:37":1,"s:13:2:47:Infinity":4,"s:14:20:14:Infinity":5,"s:15:19:15:Infinity":6,"b:15:19:15:64:15:64:15:Infinity":1,"s:17:25:26:Infinity":7,"s:28:4:28:Infinity":8,"s:30:4:46:Infinity":9,"b:33:6:37:Infinity:35:13:37:Infinity":2,"s:33:6:37:Infinity":10,"s:34:8:34:Infinity":11,"s:36:8:36:Infinity":12,"s:39:6:39:Infinity":13,"s:40:6:40:Infinity":14,"s:41:6:41:Infinity":15,"s:43:6:43:Infinity":16,"s:44:6:44:Infinity":17,"s:45:6:45:Infinity":18,"f:50:15:50:31":2,"s:51:14:51:Infinity":19,"s:52:22:52:Infinity":20,"s:54:2:62:Infinity":21,"s:55:4:55:Infinity":22,"b:58:4:60:Infinity:undefined:undefined:undefined:undefined":3,"s:58:4:60:Infinity":23,"s:59:6:59:Infinity":24,"s:61:4:61:Infinity":25,"f:65:15:65:34":3,"s:66:14:66:Infinity":26,"s:68:18:68:Infinity":27,"s:69:19:69:Infinity":28,"s:70:20:70:Infinity":29,"s:71:2:71:Infinity":30,"f:74:15:74:37":4,"s:76:21:76:Infinity":31,"s:77:24:77:Infinity":32,"s:79:17:79:Infinity":33,"s:81:18:81:Infinity":34,"s:82:2:85:Infinity":35,"s:87:20:87:Infinity":36,"s:88:2:88:Infinity":37,"s:89:2:89:Infinity":38,"s:91:15:91:Infinity":39,"s:92:14:92:Infinity":40,"s:93:2:93:Infinity":41},"fnNames":{}}}
,"/home/mimocode/workspace/soundmaster/src/audio/exporter.ts": {"path":"/home/mimocode/workspace/soundmaster/src/audio/exporter.ts","statementMap":{"0":{"start":{"line":5,"column":8},"end":{"line":5,"column":null}},"1":{"start":{"line":6,"column":2},"end":{"line":6,"column":null}},"2":{"start":{"line":6,"column":30},"end":{"line":6,"column":null}},"3":{"start":{"line":8,"column":15},"end":{"line":8,"column":null}},"4":{"start":{"line":9,"column":2},"end":{"line":9,"column":null}},"5":{"start":{"line":13,"column":14},"end":{"line":13,"column":null}},"6":{"start":{"line":14,"column":14},"end":{"line":14,"column":null}},"7":{"start":{"line":16,"column":2},"end":{"line":23,"column":null}},"8":{"start":{"line":17,"column":4},"end":{"line":22,"column":null}},"9":{"start":{"line":18,"column":19},"end":{"line":18,"column":null}},"10":{"start":{"line":19,"column":23},"end":{"line":19,"column":null}},"11":{"start":{"line":20,"column":6},"end":{"line":20,"column":null}},"12":{"start":{"line":21,"column":6},"end":{"line":21,"column":null}},"13":{"start":{"line":25,"column":2},"end":{"line":25,"column":null}},"14":{"start":{"line":25,"column":19},"end":{"line":25,"column":null}},"15":{"start":{"line":27,"column":18},"end":{"line":27,"column":null}},"16":{"start":{"line":28,"column":2},"end":{"line":28,"column":null}},"17":{"start":{"line":32,"column":22},"end":{"line":32,"column":null}},"18":{"start":{"line":33,"column":21},"end":{"line":33,"column":null}},"19":{"start":{"line":34,"column":19},"end":{"line":34,"column":null}},"20":{"start":{"line":35,"column":25},"end":{"line":35,"column":null}},"21":{"start":{"line":36,"column":21},"end":{"line":36,"column":null}},"22":{"start":{"line":37,"column":19},"end":{"line":37,"column":null}},"23":{"start":{"line":38,"column":21},"end":{"line":38,"column":null}},"24":{"start":{"line":39,"column":22},"end":{"line":39,"column":null}},"25":{"start":{"line":40,"column":15},"end":{"line":40,"column":null}},"26":{"start":{"line":43,"column":2},"end":{"line":43,"column":null}},"27":{"start":{"line":44,"column":2},"end":{"line":44,"column":null}},"28":{"start":{"line":45,"column":2},"end":{"line":45,"column":null}},"29":{"start":{"line":48,"column":2},"end":{"line":48,"column":null}},"30":{"start":{"line":49,"column":2},"end":{"line":49,"column":null}},"31":{"start":{"line":50,"column":2},"end":{"line":50,"column":null}},"32":{"start":{"line":51,"column":2},"end":{"line":51,"column":null}},"33":{"start":{"line":52,"column":2},"end":{"line":52,"column":null}},"34":{"start":{"line":53,"column":2},"end":{"line":53,"column":null}},"35":{"start":{"line":54,"column":2},"end":{"line":54,"column":null}},"36":{"start":{"line":55,"column":2},"end":{"line":55,"column":null}},"37":{"start":{"line":58,"column":2},"end":{"line":58,"column":null}},"38":{"start":{"line":59,"column":2},"end":{"line":59,"column":null}},"39":{"start":{"line":62,"column":15},"end":{"line":62,"column":null}},"40":{"start":{"line":63,"column":2},"end":{"line":71,"column":null}},"41":{"start":{"line":63,"column":15},"end":{"line":63,"column":18}},"42":{"start":{"line":64,"column":4},"end":{"line":70,"column":null}},"43":{"start":{"line":64,"column":18},"end":{"line":64,"column":21}},"44":{"start":{"line":65,"column":21},"end":{"line":65,"column":null}},"45":{"start":{"line":66,"column":22},"end":{"line":66,"column":null}},"46":{"start":{"line":67,"column":24},"end":{"line":67,"column":null}},"47":{"start":{"line":68,"column":6},"end":{"line":68,"column":null}},"48":{"start":{"line":69,"column":6},"end":{"line":69,"column":null}},"49":{"start":{"line":73,"column":2},"end":{"line":73,"column":null}},"50":{"start":{"line":77,"column":2},"end":{"line":79,"column":null}},"51":{"start":{"line":77,"column":15},"end":{"line":77,"column":18}},"52":{"start":{"line":78,"column":4},"end":{"line":78,"column":null}},"53":{"start":{"line":83,"column":14},"end":{"line":83,"column":null}},"54":{"start":{"line":84,"column":12},"end":{"line":84,"column":null}},"55":{"start":{"line":85,"column":2},"end":{"line":85,"column":null}},"56":{"start":{"line":86,"column":2},"end":{"line":86,"column":null}},"57":{"start":{"line":87,"column":2},"end":{"line":87,"column":null}},"58":{"start":{"line":88,"column":2},"end":{"line":88,"column":null}},"59":{"start":{"line":89,"column":2},"end":{"line":89,"column":null}},"60":{"start":{"line":90,"column":2},"end":{"line":90,"column":null}}},"fnMap":{"0":{"name":"exportWav","decl":{"start":{"line":4,"column":22},"end":{"line":4,"column":49}},"loc":{"start":{"line":4,"column":49},"end":{"line":10,"column":null}},"line":4},"1":{"name":"exportAllAsZip","decl":{"start":{"line":12,"column":22},"end":{"line":12,"column":54}},"loc":{"start":{"line":12,"column":54},"end":{"line":29,"column":null}},"line":12},"2":{"name":"audioBufferToWav","decl":{"start":{"line":31,"column":9},"end":{"line":31,"column":26}},"loc":{"start":{"line":31,"column":53},"end":{"line":74,"column":null}},"line":31},"3":{"name":"writeString","decl":{"start":{"line":76,"column":9},"end":{"line":76,"column":21}},"loc":{"start":{"line":76,"column":66},"end":{"line":80,"column":null}},"line":76},"4":{"name":"downloadBlob","decl":{"start":{"line":82,"column":9},"end":{"line":82,"column":22}},"loc":{"start":{"line":82,"column":52},"end":{"line":91,"column":null}},"line":82}},"branchMap":{"0":{"loc":{"start":{"line":6,"column":2},"end":{"line":6,"column":null}},"type":"if","locations":[{"start":{"line":6,"column":2},"end":{"line":6,"column":null}},{"start":{},"end":{}}],"line":6},"1":{"loc":{"start":{"line":17,"column":4},"end":{"line":22,"column":null}},"type":"if","locations":[{"start":{"line":17,"column":4},"end":{"line":22,"column":null}},{"start":{},"end":{}}],"line":17},"2":{"loc":{"start":{"line":25,"column":2},"end":{"line":25,"column":null}},"type":"if","locations":[{"start":{"line":25,"column":2},"end":{"line":25,"column":null}},{"start":{},"end":{}}],"line":25},"3":{"loc":{"start":{"line":67,"column":24},"end":{"line":67,"column":null}},"type":"cond-expr","locations":[{"start":{"line":67,"column":38},"end":{"line":67,"column":57}},{"start":{"line":67,"column":57},"end":{"line":67,"column":null}}],"line":67}},"s":{"0":0,"1":0,"2":0,"3":0,"4":0,"5":0,"6":0,"7":0,"8":0,"9":0,"10":0,"11":0,"12":0,"13":0,"14":0,"15":0,"16":0,"17":0,"18":0,"19":0,"20":0,"21":0,"22":0,"23":0,"24":0,"25":0,"26":0,"27":0,"28":0,"29":0,"30":0,"31":0,"32":0,"33":0,"34":0,"35":0,"36":0,"37":0,"38":0,"39":0,"40":0,"41":0,"42":0,"43":0,"44":0,"45":0,"46":0,"47":0,"48":0,"49":0,"50":0,"51":0,"52":0,"53":0,"54":0,"55":0,"56":0,"57":0,"58":0,"59":0,"60":0},"f":{"0":0,"1":0,"2":0,"3":0,"4":0},"b":{"0":[0,0],"1":[0,0],"2":[0,0],"3":[0,0]},"meta":{"lastBranch":4,"lastFunction":5,"lastStatement":61,"seen":{"f:4:22:4:49":0,"s:5:8:5:Infinity":0,"b:6:2:6:Infinity:undefined:undefined:undefined:undefined":0,"s:6:2:6:Infinity":1,"s:6:30:6:Infinity":2,"s:8:15:8:Infinity":3,"s:9:2:9:Infinity":4,"f:12:22:12:54":1,"s:13:14:13:Infinity":5,"s:14:14:14:Infinity":6,"s:16:2:23:Infinity":7,"b:17:4:22:Infinity:undefined:undefined:undefined:undefined":1,"s:17:4:22:Infinity":8,"s:18:19:18:Infinity":9,"s:19:23:19:Infinity":10,"s:20:6:20:Infinity":11,"s:21:6:21:Infinity":12,"b:25:2:25:Infinity:undefined:undefined:undefined:undefined":2,"s:25:2:25:Infinity":13,"s:25:19:25:Infinity":14,"s:27:18:27:Infinity":15,"s:28:2:28:Infinity":16,"f:31:9:31:26":2,"s:32:22:32:Infinity":17,"s:33:21:33:Infinity":18,"s:34:19:34:Infinity":19,"s:35:25:35:Infinity":20,"s:36:21:36:Infinity":21,"s:37:19:37:Infinity":22,"s:38:21:38:Infinity":23,"s:39:22:39:Infinity":24,"s:40:15:40:Infinity":25,"s:43:2:43:Infinity":26,"s:44:2:44:Infinity":27,"s:45:2:45:Infinity":28,"s:48:2:48:Infinity":29,"s:49:2:49:Infinity":30,"s:50:2:50:Infinity":31,"s:51:2:51:Infinity":32,"s:52:2:52:Infinity":33,"s:53:2:53:Infinity":34,"s:54:2:54:Infinity":35,"s:55:2:55:Infinity":36,"s:58:2:58:Infinity":37,"s:59:2:59:Infinity":38,"s:62:15:62:Infinity":39,"s:63:2:71:Infinity":40,"s:63:15:63:18":41,"s:64:4:70:Infinity":42,"s:64:18:64:21":43,"s:65:21:65:Infinity":44,"s:66:22:66:Infinity":45,"s:67:24:67:Infinity":46,"b:67:38:67:57:67:57:67:Infinity":3,"s:68:6:68:Infinity":47,"s:69:6:69:Infinity":48,"s:73:2:73:Infinity":49,"f:76:9:76:21":3,"s:77:2:79:Infinity":50,"s:77:15:77:18":51,"s:78:4:78:Infinity":52,"f:82:9:82:22":4,"s:83:14:83:Infinity":53,"s:84:12:84:Infinity":54,"s:85:2:85:Infinity":55,"s:86:2:86:Infinity":56,"s:87:2:87:Infinity":57,"s:88:2:88:Infinity":58,"s:89:2:89:Infinity":59,"s:90:2:90:Infinity":60},"fnNames":{}}}
,"/home/mimocode/workspace/soundmaster/src/audio/loudness-meter.ts": {"path":"/home/mimocode/workspace/soundmaster/src/audio/loudness-meter.ts","statementMap":{"0":{"start":{"line":3,"column":40},"end":{"line":3,"column":null}},"1":{"start":{"line":4,"column":37},"end":{"line":4,"column":null}},"2":{"start":{"line":7,"column":2},"end":{"line":7,"column":null}},"3":{"start":{"line":8,"column":2},"end":{"line":8,"column":null}},"4":{"start":{"line":12,"column":2},"end":{"line":12,"column":null}},"5":{"start":{"line":12,"column":35},"end":{"line":12,"column":null}},"6":{"start":{"line":14,"column":2},"end":{"line":14,"column":null}},"7":{"start":{"line":16,"column":19},"end":{"line":16,"column":null}},"8":{"start":{"line":17,"column":2},"end":{"line":19,"column":null}},"9":{"start":{"line":17,"column":15},"end":{"line":17,"column":18}},"10":{"start":{"line":18,"column":4},"end":{"line":18,"column":null}},"11":{"start":{"line":20,"column":14},"end":{"line":20,"column":null}},"12":{"start":{"line":22,"column":2},"end":{"line":22,"column":null}},"13":{"start":{"line":22,"column":17},"end":{"line":22,"column":null}},"14":{"start":{"line":25,"column":15},"end":{"line":25,"column":null}},"15":{"start":{"line":26,"column":2},"end":{"line":26,"column":null}},"16":{"start":{"line":30,"column":2},"end":{"line":30,"column":null}},"17":{"start":{"line":30,"column":35},"end":{"line":30,"column":null}},"18":{"start":{"line":32,"column":2},"end":{"line":32,"column":null}},"19":{"start":{"line":34,"column":19},"end":{"line":34,"column":null}},"20":{"start":{"line":35,"column":2},"end":{"line":37,"column":null}},"21":{"start":{"line":35,"column":15},"end":{"line":35,"column":18}},"22":{"start":{"line":36,"column":4},"end":{"line":36,"column":null}},"23":{"start":{"line":38,"column":14},"end":{"line":38,"column":null}},"24":{"start":{"line":40,"column":2},"end":{"line":40,"column":null}},"25":{"start":{"line":40,"column":17},"end":{"line":40,"column":null}},"26":{"start":{"line":42,"column":2},"end":{"line":42,"column":null}},"27":{"start":{"line":46,"column":2},"end":{"line":46,"column":null}},"28":{"start":{"line":46,"column":35},"end":{"line":46,"column":null}},"29":{"start":{"line":48,"column":2},"end":{"line":48,"column":null}},"30":{"start":{"line":50,"column":13},"end":{"line":50,"column":null}},"31":{"start":{"line":51,"column":2},"end":{"line":54,"column":null}},"32":{"start":{"line":51,"column":15},"end":{"line":51,"column":18}},"33":{"start":{"line":52,"column":16},"end":{"line":52,"column":null}},"34":{"start":{"line":53,"column":4},"end":{"line":53,"column":null}},"35":{"start":{"line":53,"column":20},"end":{"line":53,"column":null}},"36":{"start":{"line":56,"column":2},"end":{"line":56,"column":null}},"37":{"start":{"line":56,"column":18},"end":{"line":56,"column":null}},"38":{"start":{"line":58,"column":2},"end":{"line":58,"column":null}}},"fnMap":{"0":{"name":"setAnalyserNode","decl":{"start":{"line":6,"column":16},"end":{"line":6,"column":32}},"loc":{"start":{"line":6,"column":52},"end":{"line":9,"column":null}},"line":6},"1":{"name":"getCurrentLufs","decl":{"start":{"line":11,"column":16},"end":{"line":11,"column":41}},"loc":{"start":{"line":11,"column":41},"end":{"line":27,"column":null}},"line":11},"2":{"name":"getCurrentRms","decl":{"start":{"line":29,"column":16},"end":{"line":29,"column":40}},"loc":{"start":{"line":29,"column":40},"end":{"line":43,"column":null}},"line":29},"3":{"name":"getCurrentPeak","decl":{"start":{"line":45,"column":16},"end":{"line":45,"column":41}},"loc":{"start":{"line":45,"column":41},"end":{"line":59,"column":null}},"line":45}},"branchMap":{"0":{"loc":{"start":{"line":12,"column":2},"end":{"line":12,"column":null}},"type":"if","locations":[{"start":{"line":12,"column":2},"end":{"line":12,"column":null}},{"start":{},"end":{}}],"line":12},"1":{"loc":{"start":{"line":12,"column":6},"end":{"line":12,"column":35}},"type":"binary-expr","locations":[{"start":{"line":12,"column":6},"end":{"line":12,"column":23}},{"start":{"line":12,"column":23},"end":{"line":12,"column":35}}],"line":12},"2":{"loc":{"start":{"line":22,"column":2},"end":{"line":22,"column":null}},"type":"if","locations":[{"start":{"line":22,"column":2},"end":{"line":22,"column":null}},{"start":{},"end":{}}],"line":22},"3":{"loc":{"start":{"line":30,"column":2},"end":{"line":30,"column":null}},"type":"if","locations":[{"start":{"line":30,"column":2},"end":{"line":30,"column":null}},{"start":{},"end":{}}],"line":30},"4":{"loc":{"start":{"line":30,"column":6},"end":{"line":30,"column":35}},"type":"binary-expr","locations":[{"start":{"line":30,"column":6},"end":{"line":30,"column":23}},{"start":{"line":30,"column":23},"end":{"line":30,"column":35}}],"line":30},"5":{"loc":{"start":{"line":40,"column":2},"end":{"line":40,"column":null}},"type":"if","locations":[{"start":{"line":40,"column":2},"end":{"line":40,"column":null}},{"start":{},"end":{}}],"line":40},"6":{"loc":{"start":{"line":46,"column":2},"end":{"line":46,"column":null}},"type":"if","locations":[{"start":{"line":46,"column":2},"end":{"line":46,"column":null}},{"start":{},"end":{}}],"line":46},"7":{"loc":{"start":{"line":46,"column":6},"end":{"line":46,"column":35}},"type":"binary-expr","locations":[{"start":{"line":46,"column":6},"end":{"line":46,"column":23}},{"start":{"line":46,"column":23},"end":{"line":46,"column":35}}],"line":46},"8":{"loc":{"start":{"line":53,"column":4},"end":{"line":53,"column":null}},"type":"if","locations":[{"start":{"line":53,"column":4},"end":{"line":53,"column":null}},{"start":{},"end":{}}],"line":53},"9":{"loc":{"start":{"line":56,"column":2},"end":{"line":56,"column":null}},"type":"if","locations":[{"start":{"line":56,"column":2},"end":{"line":56,"column":null}},{"start":{},"end":{}}],"line":56}},"s":{"0":0,"1":0,"2":0,"3":0,"4":0,"5":0,"6":0,"7":0,"8":0,"9":0,"10":0,"11":0,"12":0,"13":0,"14":0,"15":0,"16":0,"17":0,"18":0,"19":0,"20":0,"21":0,"22":0,"23":0,"24":0,"25":0,"26":0,"27":0,"28":0,"29":0,"30":0,"31":0,"32":0,"33":0,"34":0,"35":0,"36":0,"37":0,"38":0},"f":{"0":0,"1":0,"2":0,"3":0},"b":{"0":[0,0],"1":[0,0],"2":[0,0],"3":[0,0],"4":[0,0],"5":[0,0],"6":[0,0],"7":[0,0],"8":[0,0],"9":[0,0]},"meta":{"lastBranch":10,"lastFunction":4,"lastStatement":39,"seen":{"s:3:40:3:Infinity":0,"s:4:37:4:Infinity":1,"f:6:16:6:32":0,"s:7:2:7:Infinity":2,"s:8:2:8:Infinity":3,"f:11:16:11:41":1,"b:12:2:12:Infinity:undefined:undefined:undefined:undefined":0,"s:12:2:12:Infinity":4,"b:12:6:12:23:12:23:12:35":1,"s:12:35:12:Infinity":5,"s:14:2:14:Infinity":6,"s:16:19:16:Infinity":7,"s:17:2:19:Infinity":8,"s:17:15:17:18":9,"s:18:4:18:Infinity":10,"s:20:14:20:Infinity":11,"b:22:2:22:Infinity:undefined:undefined:undefined:undefined":2,"s:22:2:22:Infinity":12,"s:22:17:22:Infinity":13,"s:25:15:25:Infinity":14,"s:26:2:26:Infinity":15,"f:29:16:29:40":2,"b:30:2:30:Infinity:undefined:undefined:undefined:undefined":3,"s:30:2:30:Infinity":16,"b:30:6:30:23:30:23:30:35":4,"s:30:35:30:Infinity":17,"s:32:2:32:Infinity":18,"s:34:19:34:Infinity":19,"s:35:2:37:Infinity":20,"s:35:15:35:18":21,"s:36:4:36:Infinity":22,"s:38:14:38:Infinity":23,"b:40:2:40:Infinity:undefined:undefined:undefined:undefined":5,"s:40:2:40:Infinity":24,"s:40:17:40:Infinity":25,"s:42:2:42:Infinity":26,"f:45:16:45:41":3,"b:46:2:46:Infinity:undefined:undefined:undefined:undefined":6,"s:46:2:46:Infinity":27,"b:46:6:46:23:46:23:46:35":7,"s:46:35:46:Infinity":28,"s:48:2:48:Infinity":29,"s:50:13:50:Infinity":30,"s:51:2:54:Infinity":31,"s:51:15:51:18":32,"s:52:16:52:Infinity":33,"b:53:4:53:Infinity:undefined:undefined:undefined:undefined":8,"s:53:4:53:Infinity":34,"s:53:20:53:Infinity":35,"b:56:2:56:Infinity:undefined:undefined:undefined:undefined":9,"s:56:2:56:Infinity":36,"s:56:18:56:Infinity":37,"s:58:2:58:Infinity":38},"fnNames":{}}}
,"/home/mimocode/workspace/soundmaster/src/audio/mastering-chain.ts": {"path":"/home/mimocode/workspace/soundmaster/src/audio/mastering-chain.ts","statementMap":{"0":{"start":{"line":27,"column":49},"end":{"line":49,"column":null}},"1":{"start":{"line":51,"column":55},"end":{"line":55,"column":null}},"2":{"start":{"line":58,"column":8},"end":{"line":58,"column":null}},"3":{"start":{"line":59,"column":2},"end":{"line":59,"column":null}},"4":{"start":{"line":59,"column":30},"end":{"line":59,"column":null}},"5":{"start":{"line":61,"column":2},"end":{"line":61,"column":null}},"6":{"start":{"line":62,"column":2},"end":{"line":62,"column":null}},"7":{"start":{"line":64,"column":2},"end":{"line":89,"column":null}},"8":{"start":{"line":65,"column":10},"end":{"line":65,"column":null}},"9":{"start":{"line":66,"column":19},"end":{"line":66,"column":null}},"10":{"start":{"line":67,"column":23},"end":{"line":71,"column":null}},"11":{"start":{"line":73,"column":19},"end":{"line":73,"column":null}},"12":{"start":{"line":74,"column":4},"end":{"line":74,"column":null}},"13":{"start":{"line":76,"column":18},"end":{"line":76,"column":null}},"14":{"start":{"line":77,"column":4},"end":{"line":77,"column":null}},"15":{"start":{"line":78,"column":4},"end":{"line":78,"column":null}},"16":{"start":{"line":79,"column":4},"end":{"line":79,"column":null}},"17":{"start":{"line":81,"column":21},"end":{"line":81,"column":null}},"18":{"start":{"line":82,"column":4},"end":{"line":82,"column":null}},"19":{"start":{"line":83,"column":4},"end":{"line":83,"column":null}},"20":{"start":{"line":84,"column":4},"end":{"line":84,"column":null}},"21":{"start":{"line":86,"column":4},"end":{"line":86,"column":null}},"22":{"start":{"line":87,"column":4},"end":{"line":87,"column":null}},"23":{"start":{"line":88,"column":4},"end":{"line":88,"column":null}},"24":{"start":{"line":93,"column":13},"end":{"line":93,"column":null}},"25":{"start":{"line":94,"column":13},"end":{"line":94,"column":null}},"26":{"start":{"line":96,"column":16},"end":{"line":96,"column":null}},"27":{"start":{"line":97,"column":17},"end":{"line":97,"column":null}},"28":{"start":{"line":100,"column":16},"end":{"line":100,"column":null}},"29":{"start":{"line":101,"column":2},"end":{"line":101,"column":null}},"30":{"start":{"line":102,"column":2},"end":{"line":102,"column":null}},"31":{"start":{"line":103,"column":2},"end":{"line":103,"column":null}},"32":{"start":{"line":106,"column":16},"end":{"line":106,"column":null}},"33":{"start":{"line":107,"column":2},"end":{"line":107,"column":null}},"34":{"start":{"line":108,"column":2},"end":{"line":108,"column":null}},"35":{"start":{"line":109,"column":2},"end":{"line":109,"column":null}},"36":{"start":{"line":110,"column":2},"end":{"line":110,"column":null}},"37":{"start":{"line":113,"column":17},"end":{"line":113,"column":null}},"38":{"start":{"line":114,"column":2},"end":{"line":114,"column":null}},"39":{"start":{"line":115,"column":2},"end":{"line":115,"column":null}},"40":{"start":{"line":116,"column":2},"end":{"line":116,"column":null}},"41":{"start":{"line":119,"column":21},"end":{"line":119,"column":null}},"42":{"start":{"line":120,"column":2},"end":{"line":120,"column":null}},"43":{"start":{"line":121,"column":2},"end":{"line":121,"column":null}},"44":{"start":{"line":122,"column":2},"end":{"line":122,"column":null}},"45":{"start":{"line":123,"column":2},"end":{"line":123,"column":null}},"46":{"start":{"line":124,"column":2},"end":{"line":124,"column":null}},"47":{"start":{"line":127,"column":18},"end":{"line":127,"column":null}},"48":{"start":{"line":128,"column":2},"end":{"line":128,"column":null}},"49":{"start":{"line":129,"column":2},"end":{"line":129,"column":null}},"50":{"start":{"line":130,"column":2},"end":{"line":130,"column":null}},"51":{"start":{"line":131,"column":2},"end":{"line":131,"column":null}},"52":{"start":{"line":132,"column":2},"end":{"line":132,"column":null}},"53":{"start":{"line":135,"column":2},"end":{"line":135,"column":null}},"54":{"start":{"line":138,"column":2},"end":{"line":138,"column":null}},"55":{"start":{"line":139,"column":2},"end":{"line":139,"column":null}},"56":{"start":{"line":140,"column":2},"end":{"line":140,"column":null}},"57":{"start":{"line":141,"column":2},"end":{"line":141,"column":null}},"58":{"start":{"line":142,"column":2},"end":{"line":142,"column":null}},"59":{"start":{"line":143,"column":2},"end":{"line":143,"column":null}},"60":{"start":{"line":145,"column":2},"end":{"line":145,"column":null}},"61":{"start":{"line":149,"column":13},"end":{"line":149,"column":null}},"62":{"start":{"line":150,"column":13},"end":{"line":150,"column":null}},"63":{"start":{"line":152,"column":16},"end":{"line":152,"column":null}},"64":{"start":{"line":153,"column":17},"end":{"line":153,"column":null}},"65":{"start":{"line":155,"column":16},"end":{"line":155,"column":null}},"66":{"start":{"line":156,"column":2},"end":{"line":156,"column":null}},"67":{"start":{"line":157,"column":2},"end":{"line":157,"column":null}},"68":{"start":{"line":158,"column":2},"end":{"line":158,"column":null}},"69":{"start":{"line":160,"column":16},"end":{"line":160,"column":null}},"70":{"start":{"line":161,"column":2},"end":{"line":161,"column":null}},"71":{"start":{"line":162,"column":2},"end":{"line":162,"column":null}},"72":{"start":{"line":163,"column":2},"end":{"line":163,"column":null}},"73":{"start":{"line":164,"column":2},"end":{"line":164,"column":null}},"74":{"start":{"line":166,"column":17},"end":{"line":166,"column":null}},"75":{"start":{"line":167,"column":2},"end":{"line":167,"column":null}},"76":{"start":{"line":168,"column":2},"end":{"line":168,"column":null}},"77":{"start":{"line":169,"column":2},"end":{"line":169,"column":null}},"78":{"start":{"line":171,"column":21},"end":{"line":171,"column":null}},"79":{"start":{"line":172,"column":2},"end":{"line":172,"column":null}},"80":{"start":{"line":173,"column":2},"end":{"line":173,"column":null}},"81":{"start":{"line":174,"column":2},"end":{"line":174,"column":null}},"82":{"start":{"line":175,"column":2},"end":{"line":175,"column":null}},"83":{"start":{"line":176,"column":2},"end":{"line":176,"column":null}},"84":{"start":{"line":178,"column":18},"end":{"line":178,"column":null}},"85":{"start":{"line":179,"column":2},"end":{"line":179,"column":null}},"86":{"start":{"line":180,"column":2},"end":{"line":180,"column":null}},"87":{"start":{"line":181,"column":2},"end":{"line":181,"column":null}},"88":{"start":{"line":182,"column":2},"end":{"line":182,"column":null}},"89":{"start":{"line":183,"column":2},"end":{"line":183,"column":null}},"90":{"start":{"line":185,"column":2},"end":{"line":185,"column":null}},"91":{"start":{"line":187,"column":2},"end":{"line":187,"column":null}},"92":{"start":{"line":188,"column":2},"end":{"line":188,"column":null}},"93":{"start":{"line":189,"column":2},"end":{"line":189,"column":null}},"94":{"start":{"line":190,"column":2},"end":{"line":190,"column":null}},"95":{"start":{"line":191,"column":2},"end":{"line":191,"column":null}},"96":{"start":{"line":192,"column":2},"end":{"line":192,"column":null}},"97":{"start":{"line":194,"column":2},"end":{"line":194,"column":null}}},"fnMap":{"0":{"name":"rebuildMasteringChain","decl":{"start":{"line":57,"column":22},"end":{"line":57,"column":46}},"loc":{"start":{"line":57,"column":46},"end":{"line":90,"column":null}},"line":57},"1":{"name":"createDSPChain","decl":{"start":{"line":92,"column":9},"end":{"line":92,"column":24}},"loc":{"start":{"line":92,"column":98},"end":{"line":146,"column":null}},"line":92},"2":{"name":"createLiveDSPChain","decl":{"start":{"line":148,"column":16},"end":{"line":148,"column":35}},"loc":{"start":{"line":148,"column":87},"end":{"line":195,"column":null}},"line":148}},"branchMap":{"0":{"loc":{"start":{"line":59,"column":2},"end":{"line":59,"column":null}},"type":"if","locations":[{"start":{"line":59,"column":2},"end":{"line":59,"column":null}},{"start":{},"end":{}}],"line":59}},"s":{"0":0,"1":0,"2":0,"3":0,"4":0,"5":0,"6":0,"7":0,"8":0,"9":0,"10":0,"11":0,"12":0,"13":0,"14":0,"15":0,"16":0,"17":0,"18":0,"19":0,"20":0,"21":0,"22":0,"23":0,"24":0,"25":0,"26":0,"27":0,"28":0,"29":0,"30":0,"31":0,"32":0,"33":0,"34":0,"35":0,"36":0,"37":0,"38":0,"39":0,"40":0,"41":0,"42":0,"43":0,"44":0,"45":0,"46":0,"47":0,"48":0,"49":0,"50":0,"51":0,"52":0,"53":0,"54":0,"55":0,"56":0,"57":0,"58":0,"59":0,"60":0,"61":0,"62":0,"63":0,"64":0,"65":0,"66":0,"67":0,"68":0,"69":0,"70":0,"71":0,"72":0,"73":0,"74":0,"75":0,"76":0,"77":0,"78":0,"79":0,"80":0,"81":0,"82":0,"83":0,"84":0,"85":0,"86":0,"87":0,"88":0,"89":0,"90":0,"91":0,"92":0,"93":0,"94":0,"95":0,"96":0,"97":0},"f":{"0":0,"1":0,"2":0},"b":{"0":[0,0]},"meta":{"lastBranch":1,"lastFunction":3,"lastStatement":98,"seen":{"s:27:49:49:Infinity":0,"s:51:55:55:Infinity":1,"f:57:22:57:46":0,"s:58:8:58:Infinity":2,"b:59:2:59:Infinity:undefined:undefined:undefined:undefined":0,"s:59:2:59:Infinity":3,"s:59:30:59:Infinity":4,"s:61:2:61:Infinity":5,"s:62:2:62:Infinity":6,"s:64:2:89:Infinity":7,"s:65:10:65:Infinity":8,"s:66:19:66:Infinity":9,"s:67:23:71:Infinity":10,"s:73:19:73:Infinity":11,"s:74:4:74:Infinity":12,"s:76:18:76:Infinity":13,"s:77:4:77:Infinity":14,"s:78:4:78:Infinity":15,"s:79:4:79:Infinity":16,"s:81:21:81:Infinity":17,"s:82:4:82:Infinity":18,"s:83:4:83:Infinity":19,"s:84:4:84:Infinity":20,"s:86:4:86:Infinity":21,"s:87:4:87:Infinity":22,"s:88:4:88:Infinity":23,"f:92:9:92:24":1,"s:93:13:93:Infinity":24,"s:94:13:94:Infinity":25,"s:96:16:96:Infinity":26,"s:97:17:97:Infinity":27,"s:100:16:100:Infinity":28,"s:101:2:101:Infinity":29,"s:102:2:102:Infinity":30,"s:103:2:103:Infinity":31,"s:106:16:106:Infinity":32,"s:107:2:107:Infinity":33,"s:108:2:108:Infinity":34,"s:109:2:109:Infinity":35,"s:110:2:110:Infinity":36,"s:113:17:113:Infinity":37,"s:114:2:114:Infinity":38,"s:115:2:115:Infinity":39,"s:116:2:116:Infinity":40,"s:119:21:119:Infinity":41,"s:120:2:120:Infinity":42,"s:121:2:121:Infinity":43,"s:122:2:122:Infinity":44,"s:123:2:123:Infinity":45,"s:124:2:124:Infinity":46,"s:127:18:127:Infinity":47,"s:128:2:128:Infinity":48,"s:129:2:129:Infinity":49,"s:130:2:130:Infinity":50,"s:131:2:131:Infinity":51,"s:132:2:132:Infinity":52,"s:135:2:135:Infinity":53,"s:138:2:138:Infinity":54,"s:139:2:139:Infinity":55,"s:140:2:140:Infinity":56,"s:141:2:141:Infinity":57,"s:142:2:142:Infinity":58,"s:143:2:143:Infinity":59,"s:145:2:145:Infinity":60,"f:148:16:148:35":2,"s:149:13:149:Infinity":61,"s:150:13:150:Infinity":62,"s:152:16:152:Infinity":63,"s:153:17:153:Infinity":64,"s:155:16:155:Infinity":65,"s:156:2:156:Infinity":66,"s:157:2:157:Infinity":67,"s:158:2:158:Infinity":68,"s:160:16:160:Infinity":69,"s:161:2:161:Infinity":70,"s:162:2:162:Infinity":71,"s:163:2:163:Infinity":72,"s:164:2:164:Infinity":73,"s:166:17:166:Infinity":74,"s:167:2:167:Infinity":75,"s:168:2:168:Infinity":76,"s:169:2:169:Infinity":77,"s:171:21:171:Infinity":78,"s:172:2:172:Infinity":79,"s:173:2:173:Infinity":80,"s:174:2:174:Infinity":81,"s:175:2:175:Infinity":82,"s:176:2:176:Infinity":83,"s:178:18:178:Infinity":84,"s:179:2:179:Infinity":85,"s:180:2:180:Infinity":86,"s:181:2:181:Infinity":87,"s:182:2:182:Infinity":88,"s:183:2:183:Infinity":89,"s:185:2:185:Infinity":90,"s:187:2:187:Infinity":91,"s:188:2:188:Infinity":92,"s:189:2:189:Infinity":93,"s:190:2:190:Infinity":94,"s:191:2:191:Infinity":95,"s:192:2:192:Infinity":96,"s:194:2:194:Infinity":97},"fnNames":{}}}
,"/home/mimocode/workspace/soundmaster/src/audio/playback.ts": {"path":"/home/mimocode/workspace/soundmaster/src/audio/playback.ts","statementMap":{"0":{"start":{"line":6,"column":47},"end":{"line":6,"column":null}},"1":{"start":{"line":7,"column":40},"end":{"line":7,"column":null}},"2":{"start":{"line":8,"column":16},"end":{"line":8,"column":null}},"3":{"start":{"line":9,"column":18},"end":{"line":9,"column":null}},"4":{"start":{"line":10,"column":36},"end":{"line":10,"column":null}},"5":{"start":{"line":13,"column":8},"end":{"line":13,"column":null}},"6":{"start":{"line":14,"column":2},"end":{"line":14,"column":null}},"7":{"start":{"line":14,"column":30},"end":{"line":14,"column":null}},"8":{"start":{"line":17,"column":21},"end":{"line":17,"column":null}},"9":{"start":{"line":19,"column":2},"end":{"line":19,"column":null}},"10":{"start":{"line":21,"column":8},"end":{"line":21,"column":null}},"11":{"start":{"line":22,"column":17},"end":{"line":22,"column":null}},"12":{"start":{"line":23,"column":2},"end":{"line":23,"column":null}},"13":{"start":{"line":23,"column":15},"end":{"line":23,"column":null}},"14":{"start":{"line":25,"column":2},"end":{"line":25,"column":null}},"15":{"start":{"line":26,"column":2},"end":{"line":26,"column":null}},"16":{"start":{"line":29,"column":2},"end":{"line":29,"column":null}},"17":{"start":{"line":30,"column":2},"end":{"line":30,"column":null}},"18":{"start":{"line":32,"column":2},"end":{"line":40,"column":null}},"19":{"start":{"line":33,"column":10},"end":{"line":33,"column":null}},"20":{"start":{"line":34,"column":4},"end":{"line":34,"column":null}},"21":{"start":{"line":35,"column":4},"end":{"line":35,"column":null}},"22":{"start":{"line":36,"column":4},"end":{"line":36,"column":null}},"23":{"start":{"line":38,"column":4},"end":{"line":38,"column":null}},"24":{"start":{"line":39,"column":4},"end":{"line":39,"column":null}},"25":{"start":{"line":42,"column":2},"end":{"line":42,"column":null}},"26":{"start":{"line":43,"column":2},"end":{"line":43,"column":null}},"27":{"start":{"line":44,"column":2},"end":{"line":44,"column":null}},"28":{"start":{"line":46,"column":2},"end":{"line":46,"column":null}},"29":{"start":{"line":47,"column":2},"end":{"line":47,"column":null}},"30":{"start":{"line":48,"column":2},"end":{"line":48,"column":null}},"31":{"start":{"line":50,"column":2},"end":{"line":58,"column":null}},"32":{"start":{"line":51,"column":4},"end":{"line":57,"column":null}},"33":{"start":{"line":52,"column":6},"end":{"line":52,"column":null}},"34":{"start":{"line":53,"column":6},"end":{"line":53,"column":null}},"35":{"start":{"line":54,"column":6},"end":{"line":54,"column":null}},"36":{"start":{"line":55,"column":6},"end":{"line":55,"column":null}},"37":{"start":{"line":56,"column":6},"end":{"line":56,"column":null}},"38":{"start":{"line":62,"column":2},"end":{"line":67,"column":null}},"39":{"start":{"line":63,"column":4},"end":{"line":63,"column":null}},"40":{"start":{"line":64,"column":4},"end":{"line":64,"column":null}},"41":{"start":{"line":65,"column":4},"end":{"line":65,"column":null}},"42":{"start":{"line":66,"column":4},"end":{"line":66,"column":null}},"43":{"start":{"line":69,"column":2},"end":{"line":72,"column":null}},"44":{"start":{"line":70,"column":4},"end":{"line":70,"column":null}},"45":{"start":{"line":71,"column":4},"end":{"line":71,"column":null}},"46":{"start":{"line":74,"column":2},"end":{"line":77,"column":null}},"47":{"start":{"line":75,"column":4},"end":{"line":75,"column":null}},"48":{"start":{"line":76,"column":4},"end":{"line":76,"column":null}},"49":{"start":{"line":79,"column":2},"end":{"line":79,"column":null}},"50":{"start":{"line":80,"column":2},"end":{"line":80,"column":null}},"51":{"start":{"line":81,"column":2},"end":{"line":81,"column":null}},"52":{"start":{"line":82,"column":2},"end":{"line":82,"column":null}},"53":{"start":{"line":83,"column":2},"end":{"line":83,"column":null}},"54":{"start":{"line":87,"column":2},"end":{"line":87,"column":null}},"55":{"start":{"line":87,"column":19},"end":{"line":87,"column":null}},"56":{"start":{"line":89,"column":8},"end":{"line":89,"column":null}},"57":{"start":{"line":90,"column":2},"end":{"line":90,"column":null}},"58":{"start":{"line":92,"column":2},"end":{"line":92,"column":null}},"59":{"start":{"line":93,"column":2},"end":{"line":93,"column":null}},"60":{"start":{"line":94,"column":2},"end":{"line":94,"column":null}},"61":{"start":{"line":95,"column":2},"end":{"line":95,"column":null}},"62":{"start":{"line":97,"column":2},"end":{"line":100,"column":null}},"63":{"start":{"line":98,"column":4},"end":{"line":98,"column":null}},"64":{"start":{"line":99,"column":4},"end":{"line":99,"column":null}},"65":{"start":{"line":102,"column":2},"end":{"line":102,"column":null}},"66":{"start":{"line":103,"column":2},"end":{"line":103,"column":null}},"67":{"start":{"line":104,"column":2},"end":{"line":104,"column":null}},"68":{"start":{"line":105,"column":2},"end":{"line":105,"column":null}},"69":{"start":{"line":109,"column":2},"end":{"line":109,"column":null}},"70":{"start":{"line":109,"column":24},"end":{"line":109,"column":null}},"71":{"start":{"line":111,"column":8},"end":{"line":111,"column":null}},"72":{"start":{"line":112,"column":24},"end":{"line":112,"column":null}},"73":{"start":{"line":114,"column":2},"end":{"line":119,"column":null}},"74":{"start":{"line":115,"column":4},"end":{"line":115,"column":null}},"75":{"start":{"line":116,"column":4},"end":{"line":116,"column":null}},"76":{"start":{"line":117,"column":4},"end":{"line":117,"column":null}},"77":{"start":{"line":118,"column":4},"end":{"line":118,"column":null}},"78":{"start":{"line":121,"column":2},"end":{"line":124,"column":null}},"79":{"start":{"line":122,"column":4},"end":{"line":122,"column":null}},"80":{"start":{"line":123,"column":4},"end":{"line":123,"column":null}},"81":{"start":{"line":127,"column":2},"end":{"line":127,"column":null}},"82":{"start":{"line":131,"column":2},"end":{"line":131,"column":null}},"83":{"start":{"line":131,"column":39},"end":{"line":131,"column":null}},"84":{"start":{"line":132,"column":8},"end":{"line":132,"column":null}},"85":{"start":{"line":133,"column":2},"end":{"line":133,"column":null}},"86":{"start":{"line":137,"column":18},"end":{"line":137,"column":null}},"87":{"start":{"line":138,"column":2},"end":{"line":138,"column":null}},"88":{"start":{"line":138,"column":16},"end":{"line":138,"column":null}},"89":{"start":{"line":140,"column":15},"end":{"line":140,"column":null}},"90":{"start":{"line":141,"column":18},"end":{"line":141,"column":null}},"91":{"start":{"line":142,"column":18},"end":{"line":142,"column":null}},"92":{"start":{"line":143,"column":13},"end":{"line":143,"column":null}},"93":{"start":{"line":144,"column":2},"end":{"line":144,"column":null}},"94":{"start":{"line":146,"column":2},"end":{"line":148,"column":null}},"95":{"start":{"line":147,"column":4},"end":{"line":147,"column":null}}},"fnMap":{"0":{"name":"playAudio","decl":{"start":{"line":12,"column":16},"end":{"line":12,"column":26}},"loc":{"start":{"line":12,"column":43},"end":{"line":59,"column":null}},"line":12},"1":{"name":"(anonymous_1)","decl":{"start":{"line":50,"column":23},"end":{"line":50,"column":29}},"loc":{"start":{"line":50,"column":29},"end":{"line":58,"column":null}},"line":50},"2":{"name":"stopAudio","decl":{"start":{"line":61,"column":16},"end":{"line":61,"column":28}},"loc":{"start":{"line":61,"column":28},"end":{"line":84,"column":null}},"line":61},"3":{"name":"pauseAudio","decl":{"start":{"line":86,"column":16},"end":{"line":86,"column":29}},"loc":{"start":{"line":86,"column":29},"end":{"line":106,"column":null}},"line":86},"4":{"name":"switchSource","decl":{"start":{"line":108,"column":16},"end":{"line":108,"column":31}},"loc":{"start":{"line":108,"column":31},"end":{"line":128,"column":null}},"line":108},"5":{"name":"getCurrentPlaybackTime","decl":{"start":{"line":130,"column":16},"end":{"line":130,"column":49}},"loc":{"start":{"line":130,"column":49},"end":{"line":134,"column":null}},"line":130},"6":{"name":"updateTimeDisplay","decl":{"start":{"line":136,"column":9},"end":{"line":136,"column":29}},"loc":{"start":{"line":136,"column":29},"end":{"line":149,"column":null}},"line":136}},"branchMap":{"0":{"loc":{"start":{"line":14,"column":2},"end":{"line":14,"column":null}},"type":"if","locations":[{"start":{"line":14,"column":2},"end":{"line":14,"column":null}},{"start":{},"end":{}}],"line":14},"1":{"loc":{"start":{"line":17,"column":21},"end":{"line":17,"column":null}},"type":"cond-expr","locations":[{"start":{"line":17,"column":44},"end":{"line":17,"column":53}},{"start":{"line":17,"column":53},"end":{"line":17,"column":null}}],"line":17},"2":{"loc":{"start":{"line":22,"column":17},"end":{"line":22,"column":null}},"type":"cond-expr","locations":[{"start":{"line":22,"column":36},"end":{"line":22,"column":59}},{"start":{"line":22,"column":59},"end":{"line":22,"column":null}}],"line":22},"3":{"loc":{"start":{"line":23,"column":2},"end":{"line":23,"column":null}},"type":"if","locations":[{"start":{"line":23,"column":2},"end":{"line":23,"column":null}},{"start":{},"end":{}}],"line":23},"4":{"loc":{"start":{"line":32,"column":2},"end":{"line":40,"column":null}},"type":"if","locations":[{"start":{"line":32,"column":2},"end":{"line":40,"column":null}},{"start":{"line":37,"column":9},"end":{"line":40,"column":null}}],"line":32},"5":{"loc":{"start":{"line":51,"column":4},"end":{"line":57,"column":null}},"type":"if","locations":[{"start":{"line":51,"column":4},"end":{"line":57,"column":null}},{"start":{},"end":{}}],"line":51},"6":{"loc":{"start":{"line":62,"column":2},"end":{"line":67,"column":null}},"type":"if","locations":[{"start":{"line":62,"column":2},"end":{"line":67,"column":null}},{"start":{},"end":{}}],"line":62},"7":{"loc":{"start":{"line":69,"column":2},"end":{"line":72,"column":null}},"type":"if","locations":[{"start":{"line":69,"column":2},"end":{"line":72,"column":null}},{"start":{},"end":{}}],"line":69},"8":{"loc":{"start":{"line":74,"column":2},"end":{"line":77,"column":null}},"type":"if","locations":[{"start":{"line":74,"column":2},"end":{"line":77,"column":null}},{"start":{},"end":{}}],"line":74},"9":{"loc":{"start":{"line":87,"column":2},"end":{"line":87,"column":null}},"type":"if","locations":[{"start":{"line":87,"column":2},"end":{"line":87,"column":null}},{"start":{},"end":{}}],"line":87},"10":{"loc":{"start":{"line":97,"column":2},"end":{"line":100,"column":null}},"type":"if","locations":[{"start":{"line":97,"column":2},"end":{"line":100,"column":null}},{"start":{},"end":{}}],"line":97},"11":{"loc":{"start":{"line":109,"column":2},"end":{"line":109,"column":null}},"type":"if","locations":[{"start":{"line":109,"column":2},"end":{"line":109,"column":null}},{"start":{},"end":{}}],"line":109},"12":{"loc":{"start":{"line":114,"column":2},"end":{"line":119,"column":null}},"type":"if","locations":[{"start":{"line":114,"column":2},"end":{"line":119,"column":null}},{"start":{},"end":{}}],"line":114},"13":{"loc":{"start":{"line":121,"column":2},"end":{"line":124,"column":null}},"type":"if","locations":[{"start":{"line":121,"column":2},"end":{"line":124,"column":null}},{"start":{},"end":{}}],"line":121},"14":{"loc":{"start":{"line":131,"column":2},"end":{"line":131,"column":null}},"type":"if","locations":[{"start":{"line":131,"column":2},"end":{"line":131,"column":null}},{"start":{},"end":{}}],"line":131},"15":{"loc":{"start":{"line":131,"column":6},"end":{"line":131,"column":39}},"type":"binary-expr","locations":[{"start":{"line":131,"column":6},"end":{"line":131,"column":26}},{"start":{"line":131,"column":26},"end":{"line":131,"column":39}}],"line":131},"16":{"loc":{"start":{"line":138,"column":2},"end":{"line":138,"column":null}},"type":"if","locations":[{"start":{"line":138,"column":2},"end":{"line":138,"column":null}},{"start":{},"end":{}}],"line":138},"17":{"loc":{"start":{"line":146,"column":2},"end":{"line":148,"column":null}},"type":"if","locations":[{"start":{"line":146,"column":2},"end":{"line":148,"column":null}},{"start":{},"end":{}}],"line":146}},"s":{"0":0,"1":0,"2":0,"3":0,"4":0,"5":0,"6":0,"7":0,"8":0,"9":0,"10":0,"11":0,"12":0,"13":0,"14":0,"15":0,"16":0,"17":0,"18":0,"19":0,"20":0,"21":0,"22":0,"23":0,"24":0,"25":0,"26":0,"27":0,"28":0,"29":0,"30":0,"31":0,"32":0,"33":0,"34":0,"35":0,"36":0,"37":0,"38":0,"39":0,"40":0,"41":0,"42":0,"43":0,"44":0,"45":0,"46":0,"47":0,"48":0,"49":0,"50":0,"51":0,"52":0,"53":0,"54":0,"55":0,"56":0,"57":0,"58":0,"59":0,"60":0,"61":0,"62":0,"63":0,"64":0,"65":0,"66":0,"67":0,"68":0,"69":0,"70":0,"71":0,"72":0,"73":0,"74":0,"75":0,"76":0,"77":0,"78":0,"79":0,"80":0,"81":0,"82":0,"83":0,"84":0,"85":0,"86":0,"87":0,"88":0,"89":0,"90":0,"91":0,"92":0,"93":0,"94":0,"95":0},"f":{"0":0,"1":0,"2":0,"3":0,"4":0,"5":0,"6":0},"b":{"0":[0,0],"1":[0,0],"2":[0,0],"3":[0,0],"4":[0,0],"5":[0,0],"6":[0,0],"7":[0,0],"8":[0,0],"9":[0,0],"10":[0,0],"11":[0,0],"12":[0,0],"13":[0,0],"14":[0,0],"15":[0,0],"16":[0,0],"17":[0,0]},"meta":{"lastBranch":18,"lastFunction":7,"lastStatement":96,"seen":{"s:6:47:6:Infinity":0,"s:7:40:7:Infinity":1,"s:8:16:8:Infinity":2,"s:9:18:9:Infinity":3,"s:10:36:10:Infinity":4,"f:12:16:12:26":0,"s:13:8:13:Infinity":5,"b:14:2:14:Infinity:undefined:undefined:undefined:undefined":0,"s:14:2:14:Infinity":6,"s:14:30:14:Infinity":7,"s:17:21:17:Infinity":8,"b:17:44:17:53:17:53:17:Infinity":1,"s:19:2:19:Infinity":9,"s:21:8:21:Infinity":10,"s:22:17:22:Infinity":11,"b:22:36:22:59:22:59:22:Infinity":2,"b:23:2:23:Infinity:undefined:undefined:undefined:undefined":3,"s:23:2:23:Infinity":12,"s:23:15:23:Infinity":13,"s:25:2:25:Infinity":14,"s:26:2:26:Infinity":15,"s:29:2:29:Infinity":16,"s:30:2:30:Infinity":17,"b:32:2:40:Infinity:37:9:40:Infinity":4,"s:32:2:40:Infinity":18,"s:33:10:33:Infinity":19,"s:34:4:34:Infinity":20,"s:35:4:35:Infinity":21,"s:36:4:36:Infinity":22,"s:38:4:38:Infinity":23,"s:39:4:39:Infinity":24,"s:42:2:42:Infinity":25,"s:43:2:43:Infinity":26,"s:44:2:44:Infinity":27,"s:46:2:46:Infinity":28,"s:47:2:47:Infinity":29,"s:48:2:48:Infinity":30,"s:50:2:58:Infinity":31,"f:50:23:50:29":1,"b:51:4:57:Infinity:undefined:undefined:undefined:undefined":5,"s:51:4:57:Infinity":32,"s:52:6:52:Infinity":33,"s:53:6:53:Infinity":34,"s:54:6:54:Infinity":35,"s:55:6:55:Infinity":36,"s:56:6:56:Infinity":37,"f:61:16:61:28":2,"b:62:2:67:Infinity:undefined:undefined:undefined:undefined":6,"s:62:2:67:Infinity":38,"s:63:4:63:Infinity":39,"s:64:4:64:Infinity":40,"s:65:4:65:Infinity":41,"s:66:4:66:Infinity":42,"b:69:2:72:Infinity:undefined:undefined:undefined:undefined":7,"s:69:2:72:Infinity":43,"s:70:4:70:Infinity":44,"s:71:4:71:Infinity":45,"b:74:2:77:Infinity:undefined:undefined:undefined:undefined":8,"s:74:2:77:Infinity":46,"s:75:4:75:Infinity":47,"s:76:4:76:Infinity":48,"s:79:2:79:Infinity":49,"s:80:2:80:Infinity":50,"s:81:2:81:Infinity":51,"s:82:2:82:Infinity":52,"s:83:2:83:Infinity":53,"f:86:16:86:29":3,"b:87:2:87:Infinity:undefined:undefined:undefined:undefined":9,"s:87:2:87:Infinity":54,"s:87:19:87:Infinity":55,"s:89:8:89:Infinity":56,"s:90:2:90:Infinity":57,"s:92:2:92:Infinity":58,"s:93:2:93:Infinity":59,"s:94:2:94:Infinity":60,"s:95:2:95:Infinity":61,"b:97:2:100:Infinity:undefined:undefined:undefined:undefined":10,"s:97:2:100:Infinity":62,"s:98:4:98:Infinity":63,"s:99:4:99:Infinity":64,"s:102:2:102:Infinity":65,"s:103:2:103:Infinity":66,"s:104:2:104:Infinity":67,"s:105:2:105:Infinity":68,"f:108:16:108:31":4,"b:109:2:109:Infinity:undefined:undefined:undefined:undefined":11,"s:109:2:109:Infinity":69,"s:109:24:109:Infinity":70,"s:111:8:111:Infinity":71,"s:112:24:112:Infinity":72,"b:114:2:119:Infinity:undefined:undefined:undefined:undefined":12,"s:114:2:119:Infinity":73,"s:115:4:115:Infinity":74,"s:116:4:116:Infinity":75,"s:117:4:117:Infinity":76,"s:118:4:118:Infinity":77,"b:121:2:124:Infinity:undefined:undefined:undefined:undefined":13,"s:121:2:124:Infinity":78,"s:122:4:122:Infinity":79,"s:123:4:123:Infinity":80,"s:127:2:127:Infinity":81,"f:130:16:130:49":5,"b:131:2:131:Infinity:undefined:undefined:undefined:undefined":14,"s:131:2:131:Infinity":82,"b:131:6:131:26:131:26:131:39":15,"s:131:39:131:Infinity":83,"s:132:8:132:Infinity":84,"s:133:2:133:Infinity":85,"f:136:9:136:29":6,"s:137:18:137:Infinity":86,"b:138:2:138:Infinity:undefined:undefined:undefined:undefined":16,"s:138:2:138:Infinity":87,"s:138:16:138:Infinity":88,"s:140:15:140:Infinity":89,"s:141:18:141:Infinity":90,"s:142:18:142:Infinity":91,"s:143:13:143:Infinity":92,"s:144:2:144:Infinity":93,"b:146:2:148:Infinity:undefined:undefined:undefined:undefined":17,"s:146:2:148:Infinity":94,"s:147:4:147:Infinity":95},"fnNames":{}}}
,"/home/mimocode/workspace/soundmaster/src/ui/app.ts": {"path":"/home/mimocode/workspace/soundmaster/src/ui/app.ts","statementMap":{"0":{"start":{"line":12,"column":2},"end":{"line":12,"column":null}},"1":{"start":{"line":64,"column":2},"end":{"line":64,"column":null}},"2":{"start":{"line":65,"column":2},"end":{"line":65,"column":null}},"3":{"start":{"line":66,"column":2},"end":{"line":66,"column":null}},"4":{"start":{"line":68,"column":2},"end":{"line":71,"column":null}},"5":{"start":{"line":69,"column":4},"end":{"line":69,"column":null}},"6":{"start":{"line":70,"column":4},"end":{"line":70,"column":null}},"7":{"start":{"line":75,"column":2},"end":{"line":75,"column":null}},"8":{"start":{"line":76,"column":2},"end":{"line":76,"column":null}},"9":{"start":{"line":77,"column":2},"end":{"line":77,"column":null}},"10":{"start":{"line":78,"column":2},"end":{"line":78,"column":null}},"11":{"start":{"line":79,"column":2},"end":{"line":79,"column":null}},"12":{"start":{"line":80,"column":2},"end":{"line":80,"column":null}},"13":{"start":{"line":84,"column":15},"end":{"line":84,"column":null}},"14":{"start":{"line":85,"column":2},"end":{"line":88,"column":null}},"15":{"start":{"line":86,"column":4},"end":{"line":86,"column":null}},"16":{"start":{"line":87,"column":4},"end":{"line":87,"column":null}},"17":{"start":{"line":92,"column":19},"end":{"line":92,"column":null}},"18":{"start":{"line":93,"column":20},"end":{"line":93,"column":null}},"19":{"start":{"line":95,"column":2},"end":{"line":95,"column":null}},"20":{"start":{"line":95,"column":43},"end":{"line":95,"column":60}},"21":{"start":{"line":97,"column":2},"end":{"line":100,"column":null}},"22":{"start":{"line":98,"column":4},"end":{"line":98,"column":null}},"23":{"start":{"line":99,"column":4},"end":{"line":99,"column":null}},"24":{"start":{"line":102,"column":2},"end":{"line":104,"column":null}},"25":{"start":{"line":103,"column":4},"end":{"line":103,"column":null}},"26":{"start":{"line":106,"column":2},"end":{"line":110,"column":null}},"27":{"start":{"line":107,"column":4},"end":{"line":107,"column":null}},"28":{"start":{"line":108,"column":4},"end":{"line":108,"column":null}},"29":{"start":{"line":109,"column":4},"end":{"line":109,"column":null}},"30":{"start":{"line":112,"column":2},"end":{"line":116,"column":null}},"31":{"start":{"line":113,"column":19},"end":{"line":113,"column":null}},"32":{"start":{"line":114,"column":4},"end":{"line":114,"column":null}},"33":{"start":{"line":114,"column":15},"end":{"line":114,"column":null}},"34":{"start":{"line":115,"column":4},"end":{"line":115,"column":null}},"35":{"start":{"line":118,"column":2},"end":{"line":118,"column":null}}},"fnMap":{"0":{"name":"renderApp","decl":{"start":{"line":11,"column":16},"end":{"line":11,"column":26}},"loc":{"start":{"line":11,"column":50},"end":{"line":72,"column":null}},"line":11},"1":{"name":"(anonymous_1)","decl":{"start":{"line":68,"column":12},"end":{"line":68,"column":18}},"loc":{"start":{"line":68,"column":18},"end":{"line":71,"column":3}},"line":68},"2":{"name":"renderSubComponents","decl":{"start":{"line":74,"column":9},"end":{"line":74,"column":31}},"loc":{"start":{"line":74,"column":31},"end":{"line":81,"column":null}},"line":74},"3":{"name":"updateThemeIcon","decl":{"start":{"line":83,"column":9},"end":{"line":83,"column":27}},"loc":{"start":{"line":83,"column":27},"end":{"line":89,"column":null}},"line":83},"4":{"name":"initDropzone","decl":{"start":{"line":91,"column":9},"end":{"line":91,"column":24}},"loc":{"start":{"line":91,"column":24},"end":{"line":119,"column":null}},"line":91},"5":{"name":"(anonymous_5)","decl":{"start":{"line":95,"column":37},"end":{"line":95,"column":43}},"loc":{"start":{"line":95,"column":43},"end":{"line":95,"column":60}},"line":95},"6":{"name":"(anonymous_6)","decl":{"start":{"line":97,"column":40},"end":{"line":97,"column":41}},"loc":{"start":{"line":97,"column":47},"end":{"line":100,"column":3}},"line":97},"7":{"name":"(anonymous_7)","decl":{"start":{"line":102,"column":41},"end":{"line":102,"column":47}},"loc":{"start":{"line":102,"column":47},"end":{"line":104,"column":3}},"line":102},"8":{"name":"(anonymous_8)","decl":{"start":{"line":106,"column":36},"end":{"line":106,"column":37}},"loc":{"start":{"line":106,"column":43},"end":{"line":110,"column":3}},"line":106},"9":{"name":"(anonymous_9)","decl":{"start":{"line":112,"column":39},"end":{"line":112,"column":40}},"loc":{"start":{"line":112,"column":46},"end":{"line":116,"column":3}},"line":112}},"branchMap":{"0":{"loc":{"start":{"line":85,"column":2},"end":{"line":88,"column":null}},"type":"if","locations":[{"start":{"line":85,"column":2},"end":{"line":88,"column":null}},{"start":{},"end":{}}],"line":85},"1":{"loc":{"start":{"line":86,"column":23},"end":{"line":86,"column":null}},"type":"cond-expr","locations":[{"start":{"line":86,"column":48},"end":{"line":86,"column":55}},{"start":{"line":86,"column":55},"end":{"line":86,"column":null}}],"line":86},"2":{"loc":{"start":{"line":114,"column":4},"end":{"line":114,"column":null}},"type":"if","locations":[{"start":{"line":114,"column":4},"end":{"line":114,"column":null}},{"start":{},"end":{}}],"line":114}},"s":{"0":0,"1":0,"2":0,"3":0,"4":0,"5":0,"6":0,"7":0,"8":0,"9":0,"10":0,"11":0,"12":0,"13":0,"14":0,"15":0,"16":0,"17":0,"18":0,"19":0,"20":0,"21":0,"22":0,"23":0,"24":0,"25":0,"26":0,"27":0,"28":0,"29":0,"30":0,"31":0,"32":0,"33":0,"34":0,"35":0},"f":{"0":0,"1":0,"2":0,"3":0,"4":0,"5":0,"6":0,"7":0,"8":0,"9":0},"b":{"0":[0,0],"1":[0,0],"2":[0,0]},"meta":{"lastBranch":3,"lastFunction":10,"lastStatement":36,"seen":{"f:11:16:11:26":0,"s:12:2:12:Infinity":0,"s:64:2:64:Infinity":1,"s:65:2:65:Infinity":2,"s:66:2:66:Infinity":3,"s:68:2:71:Infinity":4,"f:68:12:68:18":1,"s:69:4:69:Infinity":5,"s:70:4:70:Infinity":6,"f:74:9:74:31":2,"s:75:2:75:Infinity":7,"s:76:2:76:Infinity":8,"s:77:2:77:Infinity":9,"s:78:2:78:Infinity":10,"s:79:2:79:Infinity":11,"s:80:2:80:Infinity":12,"f:83:9:83:27":3,"s:84:15:84:Infinity":13,"b:85:2:88:Infinity:undefined:undefined:undefined:undefined":0,"s:85:2:88:Infinity":14,"s:86:4:86:Infinity":15,"b:86:48:86:55:86:55:86:Infinity":1,"s:87:4:87:Infinity":16,"f:91:9:91:24":4,"s:92:19:92:Infinity":17,"s:93:20:93:Infinity":18,"s:95:2:95:Infinity":19,"f:95:37:95:43":5,"s:95:43:95:60":20,"s:97:2:100:Infinity":21,"f:97:40:97:41":6,"s:98:4:98:Infinity":22,"s:99:4:99:Infinity":23,"s:102:2:104:Infinity":24,"f:102:41:102:47":7,"s:103:4:103:Infinity":25,"s:106:2:110:Infinity":26,"f:106:36:106:37":8,"s:107:4:107:Infinity":27,"s:108:4:108:Infinity":28,"s:109:4:109:Infinity":29,"s:112:2:116:Infinity":30,"f:112:39:112:40":9,"s:113:19:113:Infinity":31,"b:114:4:114:Infinity:undefined:undefined:undefined:undefined":2,"s:114:4:114:Infinity":32,"s:114:15:114:Infinity":33,"s:115:4:115:Infinity":34,"s:118:2:118:Infinity":35},"fnNames":{}}}
,"/home/mimocode/workspace/soundmaster/src/ui/controls.ts": {"path":"/home/mimocode/workspace/soundmaster/src/ui/controls.ts","statementMap":{"0":{"start":{"line":4,"column":15},"end":{"line":8,"column":null}},"1":{"start":{"line":10,"column":23},"end":{"line":14,"column":null}},"2":{"start":{"line":17,"column":2},"end":{"line":50,"column":null}},"3":{"start":{"line":22,"column":28},"end":{"line":31,"column":null}},"4":{"start":{"line":42,"column":36},"end":{"line":48,"column":null}},"5":{"start":{"line":56,"column":2},"end":{"line":62,"column":null}},"6":{"start":{"line":57,"column":4},"end":{"line":61,"column":null}},"7":{"start":{"line":58,"column":20},"end":{"line":58,"column":null}},"8":{"start":{"line":59,"column":6},"end":{"line":59,"column":null}},"9":{"start":{"line":60,"column":6},"end":{"line":60,"column":null}},"10":{"start":{"line":64,"column":2},"end":{"line":70,"column":null}},"11":{"start":{"line":65,"column":4},"end":{"line":69,"column":null}},"12":{"start":{"line":66,"column":20},"end":{"line":66,"column":null}},"13":{"start":{"line":67,"column":6},"end":{"line":67,"column":null}},"14":{"start":{"line":68,"column":6},"end":{"line":68,"column":null}}},"fnMap":{"0":{"name":"renderControls","decl":{"start":{"line":16,"column":16},"end":{"line":16,"column":31}},"loc":{"start":{"line":16,"column":55},"end":{"line":71,"column":null}},"line":16},"1":{"name":"(anonymous_1)","decl":{"start":{"line":22,"column":23},"end":{"line":22,"column":28}},"loc":{"start":{"line":22,"column":28},"end":{"line":31,"column":null}},"line":22},"2":{"name":"(anonymous_2)","decl":{"start":{"line":42,"column":31},"end":{"line":42,"column":36}},"loc":{"start":{"line":42,"column":36},"end":{"line":48,"column":null}},"line":42},"3":{"name":"(anonymous_3)","decl":{"start":{"line":56,"column":75},"end":{"line":56,"column":82}},"loc":{"start":{"line":56,"column":82},"end":{"line":62,"column":3}},"line":56},"4":{"name":"(anonymous_4)","decl":{"start":{"line":57,"column":34},"end":{"line":57,"column":40}},"loc":{"start":{"line":57,"column":40},"end":{"line":61,"column":5}},"line":57},"5":{"name":"(anonymous_5)","decl":{"start":{"line":64,"column":81},"end":{"line":64,"column":88}},"loc":{"start":{"line":64,"column":88},"end":{"line":70,"column":3}},"line":64},"6":{"name":"(anonymous_6)","decl":{"start":{"line":65,"column":34},"end":{"line":65,"column":40}},"loc":{"start":{"line":65,"column":40},"end":{"line":69,"column":5}},"line":65}},"branchMap":{"0":{"loc":{"start":{"line":24,"column":72},"end":{"line":24,"column":113}},"type":"cond-expr","locations":[{"start":{"line":24,"column":98},"end":{"line":24,"column":111}},{"start":{"line":24,"column":111},"end":{"line":24,"column":113}}],"line":24},"1":{"loc":{"start":{"line":44,"column":74},"end":{"line":44,"column":118}},"type":"cond-expr","locations":[{"start":{"line":44,"column":103},"end":{"line":44,"column":116}},{"start":{"line":44,"column":116},"end":{"line":44,"column":118}}],"line":44}},"s":{"0":0,"1":0,"2":0,"3":0,"4":0,"5":0,"6":0,"7":0,"8":0,"9":0,"10":0,"11":0,"12":0,"13":0,"14":0},"f":{"0":0,"1":0,"2":0,"3":0,"4":0,"5":0,"6":0},"b":{"0":[0,0],"1":[0,0]},"meta":{"lastBranch":2,"lastFunction":7,"lastStatement":15,"seen":{"s:4:15:8:Infinity":0,"s:10:23:14:Infinity":1,"f:16:16:16:31":0,"s:17:2:50:Infinity":2,"f:22:23:22:28":1,"s:22:28:31:Infinity":3,"b:24:98:24:111:24:111:24:113":0,"f:42:31:42:36":2,"s:42:36:48:Infinity":4,"b:44:103:44:116:44:116:44:118":1,"s:56:2:62:Infinity":5,"f:56:75:56:82":3,"s:57:4:61:Infinity":6,"f:57:34:57:40":4,"s:58:20:58:Infinity":7,"s:59:6:59:Infinity":8,"s:60:6:60:Infinity":9,"s:64:2:70:Infinity":10,"f:64:81:64:88":5,"s:65:4:69:Infinity":11,"f:65:34:65:40":6,"s:66:20:66:Infinity":12,"s:67:6:67:Infinity":13,"s:68:6:68:Infinity":14},"fnNames":{}}}
,"/home/mimocode/workspace/soundmaster/src/ui/export-panel.ts": {"path":"/home/mimocode/workspace/soundmaster/src/ui/export-panel.ts","statementMap":{"0":{"start":{"line":5,"column":8},"end":{"line":5,"column":null}},"1":{"start":{"line":6,"column":22},"end":{"line":6,"column":null}},"2":{"start":{"line":8,"column":2},"end":{"line":13,"column":null}},"3":{"start":{"line":21,"column":2},"end":{"line":21,"column":null}},"4":{"start":{"line":21,"column":20},"end":{"line":21,"column":null}},"5":{"start":{"line":23,"column":2},"end":{"line":36,"column":null}},"6":{"start":{"line":24,"column":16},"end":{"line":24,"column":null}},"7":{"start":{"line":25,"column":19},"end":{"line":25,"column":null}},"8":{"start":{"line":26,"column":4},"end":{"line":26,"column":null}},"9":{"start":{"line":27,"column":4},"end":{"line":27,"column":null}},"10":{"start":{"line":28,"column":4},"end":{"line":33,"column":null}},"11":{"start":{"line":29,"column":6},"end":{"line":29,"column":null}},"12":{"start":{"line":30,"column":6},"end":{"line":30,"column":null}},"13":{"start":{"line":32,"column":6},"end":{"line":32,"column":null}},"14":{"start":{"line":34,"column":4},"end":{"line":34,"column":null}},"15":{"start":{"line":35,"column":4},"end":{"line":35,"column":null}},"16":{"start":{"line":38,"column":2},"end":{"line":51,"column":null}},"17":{"start":{"line":39,"column":16},"end":{"line":39,"column":null}},"18":{"start":{"line":40,"column":19},"end":{"line":40,"column":null}},"19":{"start":{"line":41,"column":4},"end":{"line":41,"column":null}},"20":{"start":{"line":42,"column":4},"end":{"line":42,"column":null}},"21":{"start":{"line":43,"column":4},"end":{"line":48,"column":null}},"22":{"start":{"line":44,"column":6},"end":{"line":44,"column":null}},"23":{"start":{"line":45,"column":6},"end":{"line":45,"column":null}},"24":{"start":{"line":47,"column":6},"end":{"line":47,"column":null}},"25":{"start":{"line":49,"column":4},"end":{"line":49,"column":null}},"26":{"start":{"line":50,"column":4},"end":{"line":50,"column":null}}},"fnMap":{"0":{"name":"renderExportPanel","decl":{"start":{"line":4,"column":16},"end":{"line":4,"column":34}},"loc":{"start":{"line":4,"column":58},"end":{"line":52,"column":null}},"line":4},"1":{"name":"(anonymous_1)","decl":{"start":{"line":23,"column":71},"end":{"line":23,"column":83}},"loc":{"start":{"line":23,"column":83},"end":{"line":36,"column":3}},"line":23},"2":{"name":"(anonymous_2)","decl":{"start":{"line":38,"column":71},"end":{"line":38,"column":83}},"loc":{"start":{"line":38,"column":83},"end":{"line":51,"column":3}},"line":38}},"branchMap":{"0":{"loc":{"start":{"line":10,"column":87},"end":{"line":10,"column":138}},"type":"cond-expr","locations":[{"start":{"line":10,"column":102},"end":{"line":10,"column":136}},{"start":{"line":10,"column":136},"end":{"line":10,"column":138}}],"line":10},"1":{"loc":{"start":{"line":10,"column":162},"end":{"line":10,"column":229}},"type":"cond-expr","locations":[{"start":{"line":10,"column":176},"end":{"line":10,"column":205}},{"start":{"line":10,"column":205},"end":{"line":10,"column":229}}],"line":10},"2":{"loc":{"start":{"line":10,"column":241},"end":{"line":10,"column":289}},"type":"cond-expr","locations":[{"start":{"line":10,"column":255},"end":{"line":10,"column":265}},{"start":{"line":10,"column":265},"end":{"line":10,"column":289}}],"line":10},"3":{"loc":{"start":{"line":10,"column":308},"end":{"line":10,"column":376}},"type":"cond-expr","locations":[{"start":{"line":10,"column":322},"end":{"line":10,"column":351}},{"start":{"line":10,"column":351},"end":{"line":10,"column":376}}],"line":10},"4":{"loc":{"start":{"line":10,"column":382},"end":{"line":10,"column":412}},"type":"cond-expr","locations":[{"start":{"line":10,"column":397},"end":{"line":10,"column":410}},{"start":{"line":10,"column":410},"end":{"line":10,"column":412}}],"line":10},"5":{"loc":{"start":{"line":13,"column":87},"end":{"line":13,"column":138}},"type":"cond-expr","locations":[{"start":{"line":13,"column":102},"end":{"line":13,"column":136}},{"start":{"line":13,"column":136},"end":{"line":13,"column":138}}],"line":13},"6":{"loc":{"start":{"line":13,"column":162},"end":{"line":13,"column":228}},"type":"cond-expr","locations":[{"start":{"line":13,"column":176},"end":{"line":13,"column":204}},{"start":{"line":13,"column":204},"end":{"line":13,"column":228}}],"line":13},"7":{"loc":{"start":{"line":13,"column":240},"end":{"line":13,"column":288}},"type":"cond-expr","locations":[{"start":{"line":13,"column":254},"end":{"line":13,"column":264}},{"start":{"line":13,"column":264},"end":{"line":13,"column":288}}],"line":13},"8":{"loc":{"start":{"line":13,"column":307},"end":{"line":13,"column":374}},"type":"cond-expr","locations":[{"start":{"line":13,"column":321},"end":{"line":13,"column":349}},{"start":{"line":13,"column":349},"end":{"line":13,"column":374}}],"line":13},"9":{"loc":{"start":{"line":13,"column":380},"end":{"line":13,"column":410}},"type":"cond-expr","locations":[{"start":{"line":13,"column":395},"end":{"line":13,"column":408}},{"start":{"line":13,"column":408},"end":{"line":13,"column":410}}],"line":13},"10":{"loc":{"start":{"line":21,"column":2},"end":{"line":21,"column":null}},"type":"if","locations":[{"start":{"line":21,"column":2},"end":{"line":21,"column":null}},{"start":{},"end":{}}],"line":21}},"s":{"0":0,"1":0,"2":0,"3":0,"4":0,"5":0,"6":0,"7":0,"8":0,"9":0,"10":0,"11":0,"12":0,"13":0,"14":0,"15":0,"16":0,"17":0,"18":0,"19":0,"20":0,"21":0,"22":0,"23":0,"24":0,"25":0,"26":0},"f":{"0":0,"1":0,"2":0},"b":{"0":[0,0],"1":[0,0],"2":[0,0],"3":[0,0],"4":[0,0],"5":[0,0],"6":[0,0],"7":[0,0],"8":[0,0],"9":[0,0],"10":[0,0]},"meta":{"lastBranch":11,"lastFunction":3,"lastStatement":27,"seen":{"f:4:16:4:34":0,"s:5:8:5:Infinity":0,"s:6:22:6:Infinity":1,"s:8:2:13:Infinity":2,"b:10:102:10:136:10:136:10:138":0,"b:10:176:10:205:10:205:10:229":1,"b:10:255:10:265:10:265:10:289":2,"b:10:322:10:351:10:351:10:376":3,"b:10:397:10:410:10:410:10:412":4,"b:13:102:13:136:13:136:13:138":5,"b:13:176:13:204:13:204:13:228":6,"b:13:254:13:264:13:264:13:288":7,"b:13:321:13:349:13:349:13:374":8,"b:13:395:13:408:13:408:13:410":9,"b:21:2:21:Infinity:undefined:undefined:undefined:undefined":10,"s:21:2:21:Infinity":3,"s:21:20:21:Infinity":4,"s:23:2:36:Infinity":5,"f:23:71:23:83":1,"s:24:16:24:Infinity":6,"s:25:19:25:Infinity":7,"s:26:4:26:Infinity":8,"s:27:4:27:Infinity":9,"s:28:4:33:Infinity":10,"s:29:6:29:Infinity":11,"s:30:6:30:Infinity":12,"s:32:6:32:Infinity":13,"s:34:4:34:Infinity":14,"s:35:4:35:Infinity":15,"s:38:2:51:Infinity":16,"f:38:71:38:83":2,"s:39:16:39:Infinity":17,"s:40:19:40:Infinity":18,"s:41:4:41:Infinity":19,"s:42:4:42:Infinity":20,"s:43:4:48:Infinity":21,"s:44:6:44:Infinity":22,"s:45:6:45:Infinity":23,"s:47:6:47:Infinity":24,"s:49:4:49:Infinity":25,"s:50:4:50:Infinity":26},"fnNames":{}}}
[...]
art":{"line":63,"column":4},"end":{"line":63,"column":null}},"19":{"start":{"line":64,"column":4},"end":{"line":64,"column":null}}},"fnMap":{"0":{"name":"renderTransport","decl":{"start":{"line":5,"column":16},"end":{"line":5,"column":32}},"loc":{"start":{"line":5,"column":56},"end":{"line":66,"column":null}},"line":5},"1":{"name":"(anonymous_1)","decl":{"start":{"line":43,"column":65},"end":{"line":43,"column":71}},"loc":{"start":{"line":43,"column":71},"end":{"line":49,"column":3}},"line":43},"2":{"name":"(anonymous_2)","decl":{"start":{"line":51,"column":65},"end":{"line":51,"column":71}},"loc":{"start":{"line":51,"column":71},"end":{"line":53,"column":3}},"line":51},"3":{"name":"(anonymous_3)","decl":{"start":{"line":55,"column":69},"end":{"line":55,"column":75}},"loc":{"start":{"line":55,"column":75},"end":{"line":59,"column":3}},"line":55},"4":{"name":"(anonymous_4)","decl":{"start":{"line":61,"column":69},"end":{"line":61,"column":75}},"loc":{"start":{"line":61,"column":75},"end":{"line":65,"column":3}},"line":61}},"branchMap":{"0":{"loc":{"start":{"line":11,"column":99},"end":{"line":11,"column":147}},"type":"cond-expr","locations":[{"start":{"line":11,"column":111},"end":{"line":11,"column":145}},{"start":{"line":11,"column":145},"end":{"line":11,"column":147}}],"line":11},"1":{"loc":{"start":{"line":11,"column":152},"end":{"line":11,"column":179}},"type":"cond-expr","locations":[{"start":{"line":11,"column":164},"end":{"line":11,"column":177}},{"start":{"line":11,"column":177},"end":{"line":11,"column":179}}],"line":11},"2":{"loc":{"start":{"line":12,"column":12},"end":{"line":12,"column":50}},"type":"cond-expr","locations":[{"start":{"line":12,"column":30},"end":{"line":12,"column":42}},{"start":{"line":12,"column":42},"end":{"line":12,"column":50}}],"line":12},"3":{"loc":{"start":{"line":14,"column":83},"end":{"line":14,"column":131}},"type":"cond-expr","locations":[{"start":{"line":14,"column":95},"end":{"line":14,"column":129}},{"start":{"line":14,"column":129},"end":{"line":14,"column":131}}],"line":14},"4":{"loc":{"start":{"line":14,"column":136},"end":{"line":14,"column":163}},"type":"cond-expr","locations":[{"start":{"line":14,"column":148},"end":{"line":14,"column":161}},{"start":{"line":14,"column":161},"end":{"line":14,"column":163}}],"line":14},"5":{"loc":{"start":{"line":24,"column":95},"end":{"line":24,"column":132}},"type":"cond-expr","locations":[{"start":{"line":24,"column":115},"end":{"line":24,"column":130}},{"start":{"line":24,"column":130},"end":{"line":24,"column":132}}],"line":24},"6":{"loc":{"start":{"line":24,"column":156},"end":{"line":24,"column":228}},"type":"cond-expr","locations":[{"start":{"line":24,"column":176},"end":{"line":24,"column":204}},{"start":{"line":24,"column":204},"end":{"line":24,"column":228}}],"line":24},"7":{"loc":{"start":{"line":24,"column":240},"end":{"line":24,"column":293}},"type":"cond-expr","locations":[{"start":{"line":24,"column":260},"end":{"line":24,"column":270}},{"start":{"line":24,"column":270},"end":{"line":24,"column":293}}],"line":24},"8":{"loc":{"start":{"line":24,"column":299},"end":{"line":24,"column":326}},"type":"cond-expr","locations":[{"start":{"line":24,"column":311},"end":{"line":24,"column":324}},{"start":{"line":24,"column":324},"end":{"line":24,"column":326}}],"line":24},"9":{"loc":{"start":{"line":27,"column":95},"end":{"line":27,"column":131}},"type":"cond-expr","locations":[{"start":{"line":27,"column":114},"end":{"line":27,"column":129}},{"start":{"line":27,"column":129},"end":{"line":27,"column":131}}],"line":27},"10":{"loc":{"start":{"line":27,"column":155},"end":{"line":27,"column":226}},"type":"cond-expr","locations":[{"start":{"line":27,"column":174},"end":{"line":27,"column":202}},{"start":{"line":27,"column":202},"end":{"line":27,"column":226}}],"line":27},"11":{"loc":{"start":{"line":27,"column":238},"end":{"line":27,"column":290}},"type":"cond-expr","locations":[{"start":{"line":27,"column":257},"end":{"line":27,"column":267}},{"start":{"line":27,"column":267},"end":{"line":27,"column":290}}],"line":27},"12":{"loc":{"start":{"line":27,"column":296},"end":{"line":27,"column":323}},"type":"cond-expr","locations":[{"start":{"line":27,"column":308},"end":{"line":27,"column":321}},{"start":{"line":27,"column":321},"end":{"line":27,"column":323}}],"line":27},"13":{"loc":{"start":{"line":41,"column":2},"end":{"line":41,"column":null}},"type":"if","locations":[{"start":{"line":41,"column":2},"end":{"line":41,"column":null}},{"start":{},"end":{}}],"line":41},"14":{"loc":{"start":{"line":44,"column":4},"end":{"line":48,"column":null}},"type":"if","locations":[{"start":{"line":44,"column":4},"end":{"line":48,"column":null}},{"start":{"line":46,"column":11},"end":{"line":48,"column":null}}],"line":44},"15":{"loc":{"start":{"line":56,"column":4},"end":{"line":56,"column":null}},"type":"if","locations":[{"start":{"line":56,"column":4},"end":{"line":56,"column":null}},{"start":{},"end":{}}],"line":56},"16":{"loc":{"start":{"line":62,"column":4},"end":{"line":62,"column":null}},"type":"if","locations":[{"start":{"line":62,"column":4},"end":{"line":62,"column":null}},{"start":{},"end":{}}],"line":62}},"s":{"0":0,"1":0,"2":0,"3":0,"4":0,"5":0,"6":0,"7":0,"8":0,"9":0,"10":0,"11":0,"12":0,"13":0,"14":0,"15":0,"16":0,"17":0,"18":0,"19":0},"f":{"0":0,"1":0,"2":0,"3":0,"4":0},"b":{"0":[0,0],"1":[0,0],"2":[0,0],"3":[0,0],"4":[0,0],"5":[0,0],"6":[0,0],"7":[0,0],"8":[0,0],"9":[0,0],"10":[0,0],"11":[0,0],"12":[0,0],"13":[0,0],"14":[0,0],"15":[0,0],"16":[0,0]},"meta":{"lastBranch":17,"lastFunction":5,"lastStatement":20,"seen":{"f:5:16:5:32":0,"s:6:19:6:Infinity":0,"s:8:2:27:Infinity":1,"b:11:111:11:145:11:145:11:147":0,"b:11:164:11:177:11:177:11:179":1,"b:12:30:12:42:12:42:12:50":2,"b:14:95:14:129:14:129:14:131":3,"b:14:148:14:161:14:161:14:163":4,"b:24:115:24:130:24:130:24:132":5,"b:24:176:24:204:24:204:24:228":6,"b:24:260:24:270:24:270:24:293":7,"b:24:311:24:324:24:324:24:326":8,"b:27:114:27:129:27:129:27:131":9,"b:27:174:27:202:27:202:27:226":10,"b:27:257:27:267:27:267:27:290":11,"b:27:308:27:321:27:321:27:323":12,"b:41:2:41:Infinity:undefined:undefined:undefined:undefined":13,"s:41:2:41:Infinity":2,"s:41:17:41:Infinity":3,"s:43:2:49:Infinity":4,"f:43:65:43:71":1,"b:44:4:48:Infinity:46:11:48:Infinity":14,"s:44:4:48:Infinity":5,"s:45:6:45:Infinity":6,"s:47:6:47:Infinity":7,"s:51:2:53:Infinity":8,"f:51:65:51:71":2,"s:52:4:52:Infinity":9,"s:55:2:59:Infinity":10,"f:55:69:55:75":3,"b:56:4:56:Infinity:undefined:undefined:undefined:undefined":15,"s:56:4:56:Infinity":11,"s:56:27:56:Infinity":12,"s:57:4:57:Infinity":13,"s:58:4:58:Infinity":14,"s:61:2:65:Infinity":15,"f:61:69:61:75":4,"b:62:4:62:Infinity:undefined:undefined:undefined:undefined":16,"s:62:4:62:Infinity":16,"s:62:26:62:Infinity":17,"s:63:4:63:Infinity":18,"s:64:4:64:Infinity":19},"fnNames":{}}}
,"/home/mimocode/workspace/soundmaster/src/ui/waveform.ts": {"path":"/home/mimocode/workspace/soundmaster/src/ui/waveform.ts","statementMap":{"0":{"start":{"line":4,"column":36},"end":{"line":4,"column":null}},"1":{"start":{"line":7,"column":8},"end":{"line":7,"column":null}},"2":{"start":{"line":9,"column":2},"end":{"line":16,"column":null}},"3":{"start":{"line":10,"column":4},"end":{"line":10,"column":null}},"4":{"start":{"line":15,"column":4},"end":{"line":15,"column":null}},"5":{"start":{"line":18,"column":2},"end":{"line":18,"column":null}},"6":{"start":{"line":22,"column":2},"end":{"line":24,"column":null}},"7":{"start":{"line":23,"column":4},"end":{"line":23,"column":null}},"8":{"start":{"line":26,"column":21},"end":{"line":26,"column":null}},"9":{"start":{"line":27,"column":2},"end":{"line":34,"column":null}},"10":{"start":{"line":36,"column":2},"end":{"line":38,"column":null}},"11":{"start":{"line":37,"column":4},"end":{"line":37,"column":null}},"12":{"start":{"line":42,"column":22},"end":{"line":42,"column":null}},"13":{"start":{"line":43,"column":21},"end":{"line":43,"column":null}},"14":{"start":{"line":44,"column":17},"end":{"line":44,"column":null}},"15":{"start":{"line":45,"column":19},"end":{"line":45,"column":null}},"16":{"start":{"line":47,"column":25},"end":{"line":47,"column":null}},"17":{"start":{"line":48,"column":21},"end":{"line":48,"column":null}},"18":{"start":{"line":49,"column":19},"end":{"line":49,"column":null}},"19":{"start":{"line":50,"column":21},"end":{"line":50,"column":null}},"20":{"start":{"line":51,"column":22},"end":{"line":51,"column":null}},"21":{"start":{"line":52,"column":15},"end":{"line":52,"column":null}},"22":{"start":{"line":54,"column":2},"end":{"line":54,"column":null}},"23":{"start":{"line":55,"column":2},"end":{"line":55,"column":null}},"24":{"start":{"line":56,"column":2},"end":{"line":56,"column":null}},"25":{"start":{"line":57,"column":2},"end":{"line":57,"column":null}},"26":{"start":{"line":58,"column":2},"end":{"line":58,"column":null}},"27":{"start":{"line":59,"column":2},"end":{"line":59,"column":null}},"28":{"start":{"line":60,"column":2},"end":{"line":60,"column":null}},"29":{"start":{"line":61,"column":2},"end":{"line":61,"column":null}},"30":{"start":{"line":62,"column":2},"end":{"line":62,"column":null}},"31":{"start":{"line":63,"column":2},"end":{"line":63,"column":null}},"32":{"start":{"line":64,"column":2},"end":{"line":64,"column":null}},"33":{"start":{"line":65,"column":2},"end":{"line":65,"column":null}},"34":{"start":{"line":66,"column":2},"end":{"line":66,"column":null}},"35":{"start":{"line":68,"column":15},"end":{"line":68,"column":null}},"36":{"start":{"line":69,"column":2},"end":{"line":76,"column":null}},"37":{"start":{"line":69,"column":15},"end":{"line":69,"column":18}},"38":{"start":{"line":70,"column":4},"end":{"line":75,"column":null}},"39":{"start":{"line":70,"column":18},"end":{"line":70,"column":21}},"40":{"start":{"line":71,"column":21},"end":{"line":71,"column":null}},"41":{"start":{"line":72,"column":22},"end":{"line":72,"column":null}},"42":{"start":{"line":73,"column":6},"end":{"line":73,"column":null}},"43":{"start":{"line":74,"column":6},"end":{"line":74,"column":null}},"44":{"start":{"line":78,"column":2},"end":{"line":78,"column":null}},"45":{"start":{"line":82,"column":2},"end":{"line":84,"column":null}},"46":{"start":{"line":82,"column":15},"end":{"line":82,"column":18}},"47":{"start":{"line":83,"column":4},"end":{"line":83,"column":null}},"48":{"start":{"line":88,"column":2},"end":{"line":88,"column":null}}},"fnMap":{"0":{"name":"renderWaveform","decl":{"start":{"line":6,"column":16},"end":{"line":6,"column":31}},"loc":{"start":{"line":6,"column":55},"end":{"line":39,"column":null}},"line":6},"1":{"name":"bufferToBlob","decl":{"start":{"line":41,"column":9},"end":{"line":41,"column":22}},"loc":{"start":{"line":41,"column":49},"end":{"line":79,"column":null}},"line":41},"2":{"name":"writeString","decl":{"start":{"line":81,"column":9},"end":{"line":81,"column":21}},"loc":{"start":{"line":81,"column":66},"end":{"line":85,"column":null}},"line":81},"3":{"name":"getWaveSurfer","decl":{"start":{"line":87,"column":16},"end":{"line":87,"column":51}},"loc":{"start":{"line":87,"column":51},"end":{"line":89,"column":null}},"line":87}},"branchMap":{"0":{"loc":{"start":{"line":9,"column":2},"end":{"line":16,"column":null}},"type":"if","locations":[{"start":{"line":9,"column":2},"end":{"line":16,"column":null}},{"start":{},"end":{}}],"line":9},"1":{"loc":{"start":{"line":22,"column":2},"end":{"line":24,"column":null}},"type":"if","locations":[{"start":{"line":22,"column":2},"end":{"line":24,"column":null}},{"start":{},"end":{}}],"line":22},"2":{"loc":{"start":{"line":36,"column":2},"end":{"line":38,"column":null}},"type":"if","locations":[{"start":{"line":36,"column":2},"end":{"line":38,"column":null}},{"start":{},"end":{}}],"line":36},"3":{"loc":{"start":{"line":73,"column":28},"end":{"line":73,"column":79}},"type":"cond-expr","locations":[{"start":{"line":73,"column":42},"end":{"line":73,"column":61}},{"start":{"line":73,"column":61},"end":{"line":73,"column":79}}],"line":73}},"s":{"0":0,"1":0,"2":0,"3":0,"4":0,"5":0,"6":0,"7":0,"8":0,"9":0,"10":0,"11":0,"12":0,"13":0,"14":0,"15":0,"16":0,"17":0,"18":0,"19":0,"20":0,"21":0,"22":0,"23":0,"24":0,"25":0,"26":0,"27":0,"28":0,"29":0,"30":0,"31":0,"32":0,"33":0,"34":0,"35":0,"36":0,"37":0,"38":0,"39":0,"40":0,"41":0,"42":0,"43":0,"44":0,"45":0,"46":0,"47":0,"48":0},"f":{"0":0,"1":0,"2":0,"3":0},"b":{"0":[0,0],"1":[0,0],"2":[0,0],"3":[0,0]},"meta":{"lastBranch":4,"lastFunction":4,"lastStatement":49,"seen":{"s:4:36:4:Infinity":0,"f:6:16:6:31":0,"s:7:8:7:Infinity":1,"b:9:2:16:Infinity:undefined:undefined:undefined:undefined":0,"s:9:2:16:Infinity":2,"s:10:4:10:Infinity":3,"s:15:4:15:Infinity":4,"s:18:2:18:Infinity":5,"b:22:2:24:Infinity:undefined:undefined:undefined:undefined":1,"s:22:2:24:Infinity":6,"s:23:4:23:Infinity":7,"s:26:21:26:Infinity":8,"s:27:2:34:Infinity":9,"b:36:2:38:Infinity:undefined:undefined:undefined:undefined":2,"s:36:2:38:Infinity":10,"s:37:4:37:Infinity":11,"f:41:9:41:22":1,"s:42:22:42:Infinity":12,"s:43:21:43:Infinity":13,"s:44:17:44:Infinity":14,"s:45:19:45:Infinity":15,"s:47:25:47:Infinity":16,"s:48:21:48:Infinity":17,"s:49:19:49:Infinity":18,"s:50:21:50:Infinity":19,"s:51:22:51:Infinity":20,"s:52:15:52:Infinity":21,"s:54:2:54:Infinity":22,"s:55:2:55:Infinity":23,"s:56:2:56:Infinity":24,"s:57:2:57:Infinity":25,"s:58:2:58:Infinity":26,"s:59:2:59:Infinity":27,"s:60:2:60:Infinity":28,"s:61:2:61:Infinity":29,"s:62:2:62:Infinity":30,"s:63:2:63:Infinity":31,"s:64:2:64:Infinity":32,"s:65:2:65:Infinity":33,"s:66:2:66:Infinity":34,"s:68:15:68:Infinity":35,"s:69:2:76:Infinity":36,"s:69:15:69:18":37,"s:70:4:75:Infinity":38,"s:70:18:70:21":39,"s:71:21:71:Infinity":40,"s:72:22:72:Infinity":41,"s:73:6:73:Infinity":42,"b:73:42:73:61:73:61:73:79":3,"s:74:6:74:Infinity":43,"s:78:2:78:Infinity":44,"f:81:9:81:21":2,"s:82:2:84:Infinity":45,"s:82:15:82:18":46,"s:83:4:83:Infinity":47,"f:87:16:87:51":3,"s:88:2:88:Infinity":48},"fnNames":{}}}
,"/home/mimocode/workspace/soundmaster/src/utils/audio-utils.ts": {"path":"/home/mimocode/workspace/soundmaster/src/utils/audio-utils.ts","statementMap":{"0":{"start":{"line":2,"column":13},"end":{"line":2,"column":null}},"1":{"start":{"line":3,"column":2},"end":{"line":9,"column":null}},"2":{"start":{"line":3,"column":16},"end":{"line":3,"column":19}},"3":{"start":{"line":4,"column":17},"end":{"line":4,"column":null}},"4":{"start":{"line":5,"column":4},"end":{"line":8,"column":null}},"5":{"start":{"line":5,"column":17},"end":{"line":5,"column":20}},"6":{"start":{"line":6,"column":18},"end":{"line":6,"column":null}},"7":{"start":{"line":7,"column":6},"end":{"line":7,"column":null}},"8":{"start":{"line":7,"column":22},"end":{"line":7,"column":null}},"9":{"start":{"line":10,"column":2},"end":{"line":10,"column":null}},"10":{"start":{"line":14,"column":19},"end":{"line":14,"column":null}},"11":{"start":{"line":15,"column":21},"end":{"line":15,"column":null}},"12":{"start":{"line":16,"column":2},"end":{"line":22,"column":null}},"13":{"start":{"line":16,"column":16},"end":{"line":16,"column":19}},"14":{"start":{"line":17,"column":17},"end":{"line":17,"column":null}},"15":{"start":{"line":18,"column":4},"end":{"line":20,"column":null}},"16":{"start":{"line":18,"column":17},"end":{"line":18,"column":20}},"17":{"start":{"line":19,"column":6},"end":{"line":19,"column":null}},"18":{"start":{"line":21,"column":4},"end":{"line":21,"column":null}},"19":{"start":{"line":23,"column":2},"end":{"line":23,"column":null}},"20":{"start":{"line":27,"column":22},"end":{"line":27,"column":null}},"21":{"start":{"line":28,"column":2},"end":{"line":28,"column":null}},"22":{"start":{"line":28,"column":25},"end":{"line":28,"column":null}},"23":{"start":{"line":30,"column":15},"end":{"line":30,"column":null}},"24":{"start":{"line":31,"column":14},"end":{"line":31,"column":null}},"25":{"start":{"line":32,"column":20},"end":{"line":32,"column":null}},"26":{"start":{"line":34,"column":2},"end":{"line":40,"column":null}},"27":{"start":{"line":34,"column":16},"end":{"line":34,"column":19}},"28":{"start":{"line":35,"column":19},"end":{"line":35,"column":null}},"29":{"start":{"line":36,"column":17},"end":{"line":36,"column":null}},"30":{"start":{"line":37,"column":4},"end":{"line":39,"column":null}},"31":{"start":{"line":37,"column":17},"end":{"line":37,"column":20}},"32":{"start":{"line":38,"column":6},"end":{"line":38,"column":null}},"33":{"start":{"line":42,"column":2},"end":{"line":42,"column":null}}},"fnMap":{"0":{"name":"getPeak","decl":{"start":{"line":1,"column":16},"end":{"line":1,"column":24}},"loc":{"start":{"line":1,"column":53},"end":{"line":11,"column":null}},"line":1},"1":{"name":"getRms","decl":{"start":{"line":13,"column":16},"end":{"line":13,"column":23}},"loc":{"start":{"line":13,"column":52},"end":{"line":24,"column":null}},"line":13},"2":{"name":"normalizeBuffer","decl":{"start":{"line":26,"column":16},"end":{"line":26,"column":32}},"loc":{"start":{"line":26,"column":93},"end":{"line":43,"column":null}},"line":26}},"branchMap":{"0":{"loc":{"start":{"line":7,"column":6},"end":{"line":7,"column":null}},"type":"if","locations":[{"start":{"line":7,"column":6},"end":{"line":7,"column":null}},{"start":{},"end":{}}],"line":7},"1":{"loc":{"start":{"line":26,"column":53},"end":{"line":26,"column":93}},"type":"default-arg","locations":[{"start":{"line":26,"column":74},"end":{"line":26,"column":93}}],"line":26},"2":{"loc":{"start":{"line":28,"column":2},"end":{"line":28,"column":null}},"type":"if","locations":[{"start":{"line":28,"column":2},"end":{"line":28,"column":null}},{"start":{},"end":{}}],"line":28}},"s":{"0":0,"1":0,"2":0,"3":0,"4":0,"5":0,"6":0,"7":0,"8":0,"9":0,"10":0,"11":0,"12":0,"13":0,"14":0,"15":0,"16":0,"17":0,"18":0,"19":0,"20":0,"21":0,"22":0,"23":0,"24":0,"25":0,"26":0,"27":0,"28":0,"29":0,"30":0,"31":0,"32":0,"33":0},"f":{"0":0,"1":0,"2":0},"b":{"0":[0,0],"1":[0],"2":[0,0]},"meta":{"lastBranch":3,"lastFunction":3,"lastStatement":34,"seen":{"f:1:16:1:24":0,"s:2:13:2:Infinity":0,"s:3:2:9:Infinity":1,"s:3:16:3:19":2,"s:4:17:4:Infinity":3,"s:5:4:8:Infinity":4,"s:5:17:5:20":5,"s:6:18:6:Infinity":6,"b:7:6:7:Infinity:undefined:undefined:undefined:undefined":0,"s:7:6:7:Infinity":7,"s:7:22:7:Infinity":8,"s:10:2:10:Infinity":9,"f:13:16:13:23":1,"s:14:19:14:Infinity":10,"s:15:21:15:Infinity":11,"s:16:2:22:Infinity":12,"s:16:16:16:19":13,"s:17:17:17:Infinity":14,"s:18:4:20:Infinity":15,"s:18:17:18:20":16,"s:19:6:19:Infinity":17,"s:21:4:21:Infinity":18,"s:23:2:23:Infinity":19,"f:26:16:26:32":2,"b:26:74:26:93":1,"s:27:22:27:Infinity":20,"b:28:2:28:Infinity:undefined:undefined:undefined:undefined":2,"s:28:2:28:Infinity":21,"s:28:25:28:Infinity":22,"s:30:15:30:Infinity":23,"s:31:14:31:Infinity":24,"s:32:20:32:Infinity":25,"s:34:2:40:Infinity":26,"s:34:16:34:19":27,"s:35:19:35:Infinity":28,"s:36:17:36:Infinity":29,"s:37:4:39:Infinity":30,"s:37:17:37:20":31,"s:38:6:38:Infinity":32,"s:42:2:42:Infinity":33},"fnNames":{}}}
,"/home/mimocode/workspace/soundmaster/src/utils/cookie.ts": {"path":"/home/mimocode/workspace/soundmaster/src/utils/cookie.ts","statementMap":{"0":{"start":{"line":4,"column":2},"end":{"line":4,"column":null}},"1":{"start":{"line":8,"column":2},"end":{"line":8,"column":null}}},"fnMap":{"0":{"name":"getCookie","decl":{"start":{"line":3,"column":16},"end":{"line":3,"column":26}},"loc":{"start":{"line":3,"column":60},"end":{"line":5,"column":null}},"line":3},"1":{"name":"setCookie","decl":{"start":{"line":7,"column":16},"end":{"line":7,"column":26}},"loc":{"start":{"line":7,"column":75},"end":{"line":9,"column":null}},"line":7}},"branchMap":{"0":{"loc":{"start":{"line":7,"column":55},"end":{"line":7,"column":75}},"type":"default-arg","locations":[{"start":{"line":7,"column":70},"end":{"line":7,"column":75}}],"line":7}},"s":{"0":0,"1":0},"f":{"0":0,"1":0},"b":{"0":[0]},"meta":{"lastBranch":1,"lastFunction":2,"lastStatement":2,"seen":{"f:3:16:3:26":0,"s:4:2:4:Infinity":0,"f:7:16:7:26":1,"b:7:70:7:75":0,"s:8:2:8:Infinity":1},"fnNames":{}}}
}
